TpTrace Verbose: 0 : 35452, 1, 2024/03/19, 13:44:58.096, 7027270024282, vstest.console.dll, Version: 17.9.0-release-23627-01 Current process architecture: X64
TpTrace Verbose: 0 : 35452, 1, 2024/03/19, 13:44:58.102, 7027270093712, vstest.console.dll, Runtime location: C:\Program Files\dotnet\shared\Microsoft.NETCore.App\8.0.2
TpTrace Verbose: 0 : 35452, 1, 2024/03/19, 13:44:58.111, 7027270174892, vstest.console.dll, ArtifactProcessingPostProcessModeProcessorExecutor.Initialize: ArtifactProcessingMode.Collect
TpTrace Verbose: 0 : 35452, 1, 2024/03/19, 13:44:58.111, 7027270177566, vstest.console.dll, TestSessionCorrelationIdProcessorModeProcessorExecutor.Initialize: TestSessionCorrelationId '17344_5e9a83da-b16e-49de-b6c9-d0ffa66fc309'
TpTrace Information: 0 : 35452, 1, 2024/03/19, 13:44:58.134, 7027270408266, vstest.console.dll, FilePatternParser: The given file C:\Users\Yassir.JERRARI\source\repos\NetWorkUnity\NetWorkUnityTest\bin\Debug\net8.0\fine-code-coverage\build-output\NetWorkUnityTest.dll is a full path.
TpTrace Verbose: 0 : 35452, 1, 2024/03/19, 13:44:58.367, 7027272735634, vstest.console.dll, TestPluginCache.DiscoverTestExtensions: finding test extensions in assemblies ends with: RuntimeProvider.dll TPluginInfo: Microsoft.VisualStudio.TestPlatform.Common.ExtensionFramework.Utilities.TestRuntimePluginInformation TExtension: Microsoft.VisualStudio.TestPlatform.ObjectModel.Host.ITestRuntimeProvider
TpTrace Verbose: 0 : 35452, 1, 2024/03/19, 13:44:58.368, 7027272751850, vstest.console.dll, TestPluginCache.GetExtensionPaths: Filtered extension paths: 
TpTrace Verbose: 0 : 35452, 1, 2024/03/19, 13:44:58.369, 7027272756182, vstest.console.dll, TestPluginCache.GetExtensionPaths: Added default extension paths: C:\Program Files\dotnet\sdk\8.0.200\Extensions\Microsoft.Diagnostics.NETCore.Client.dll
C:\Program Files\dotnet\sdk\8.0.200\Extensions\Microsoft.TestPlatform.Extensions.BlameDataCollector.dll
C:\Program Files\dotnet\sdk\8.0.200\Extensions\Microsoft.TestPlatform.Extensions.EventLogCollector.dll
C:\Program Files\dotnet\sdk\8.0.200\Extensions\Microsoft.TestPlatform.TestHostRuntimeProvider.dll
C:\Program Files\dotnet\sdk\8.0.200\Extensions\Microsoft.VisualStudio.TestPlatform.Extensions.Html.TestLogger.dll
C:\Program Files\dotnet\sdk\8.0.200\Extensions\Microsoft.VisualStudio.TestPlatform.Extensions.Trx.TestLogger.dll
TpTrace Verbose: 0 : 35452, 1, 2024/03/19, 13:44:58.369, 7027272758374, vstest.console.dll, TestPluginCache.GetExtensionPaths: Added unfilterableExtensionPaths: 
TpTrace Information: 0 : 35452, 1, 2024/03/19, 13:44:58.372, 7027272792503, vstest.console.dll, AssemblyResolver.ctor: Creating AssemblyResolver with searchDirectories C:\Program Files\dotnet\sdk\8.0.200\Extensions,C:\Program Files\dotnet\sdk\8.0.200
TpTrace Verbose: 0 : 35452, 1, 2024/03/19, 13:44:58.383, 7027272897048, vstest.console.dll, TestPluginCache.DiscoverTestExtensions: Discovering the extensions using extension path.
TpTrace Verbose: 0 : 35452, 1, 2024/03/19, 13:44:58.383, 7027272903423, vstest.console.dll, TestPluginCache.GetExtensionPaths: Filtered extension paths: 
TpTrace Verbose: 0 : 35452, 1, 2024/03/19, 13:44:58.384, 7027272905646, vstest.console.dll, TestPluginCache.GetExtensionPaths: Added default extension paths: C:\Program Files\dotnet\sdk\8.0.200\Extensions\Microsoft.Diagnostics.NETCore.Client.dll
C:\Program Files\dotnet\sdk\8.0.200\Extensions\Microsoft.TestPlatform.Extensions.BlameDataCollector.dll
C:\Program Files\dotnet\sdk\8.0.200\Extensions\Microsoft.TestPlatform.Extensions.EventLogCollector.dll
C:\Program Files\dotnet\sdk\8.0.200\Extensions\Microsoft.TestPlatform.TestHostRuntimeProvider.dll
C:\Program Files\dotnet\sdk\8.0.200\Extensions\Microsoft.VisualStudio.TestPlatform.Extensions.Html.TestLogger.dll
C:\Program Files\dotnet\sdk\8.0.200\Extensions\Microsoft.VisualStudio.TestPlatform.Extensions.Trx.TestLogger.dll
TpTrace Verbose: 0 : 35452, 1, 2024/03/19, 13:44:58.384, 7027272907507, vstest.console.dll, TestPluginCache.GetExtensionPaths: Added unfilterableExtensionPaths: 
TpTrace Verbose: 0 : 35452, 1, 2024/03/19, 13:44:58.384, 7027272910632, vstest.console.dll, TestPluginCache.DiscoverTestExtensions: Discovering the extensions using allExtensionPaths: C:\Program Files\dotnet\sdk\8.0.200\Extensions\Microsoft.Diagnostics.NETCore.Client.dll
C:\Program Files\dotnet\sdk\8.0.200\Extensions\Microsoft.TestPlatform.Extensions.BlameDataCollector.dll
C:\Program Files\dotnet\sdk\8.0.200\Extensions\Microsoft.TestPlatform.Extensions.EventLogCollector.dll
C:\Program Files\dotnet\sdk\8.0.200\Extensions\Microsoft.TestPlatform.TestHostRuntimeProvider.dll
C:\Program Files\dotnet\sdk\8.0.200\Extensions\Microsoft.VisualStudio.TestPlatform.Extensions.Html.TestLogger.dll
C:\Program Files\dotnet\sdk\8.0.200\Extensions\Microsoft.VisualStudio.TestPlatform.Extensions.Trx.TestLogger.dll
TpTrace Information: 0 : 35452, 1, 2024/03/19, 13:44:58.385, 7027272916823, vstest.console.dll, AssemblyResolver.AddSearchDirectories: Adding more searchDirectories C:\Program Files\dotnet\sdk\8.0.200\Extensions,C:\Program Files\dotnet\sdk\8.0.200
TpTrace Information: 0 : 35452, 1, 2024/03/19, 13:44:58.385, 7027272919684, vstest.console.dll, AssemblyResolver.AddSearchDirectories: Adding more searchDirectories C:\Program Files\dotnet\sdk\8.0.200\Extensions,C:\Program Files\dotnet\sdk\8.0.200
TpTrace Information: 0 : 35452, 1, 2024/03/19, 13:44:58.385, 7027272921847, vstest.console.dll, AssemblyResolver.AddSearchDirectories: Adding more searchDirectories C:\Program Files\dotnet\sdk\8.0.200\Extensions,C:\Program Files\dotnet\sdk\8.0.200
TpTrace Information: 0 : 35452, 1, 2024/03/19, 13:44:58.385, 7027272923706, vstest.console.dll, AssemblyResolver.AddSearchDirectories: Adding more searchDirectories C:\Program Files\dotnet\sdk\8.0.200\Extensions,C:\Program Files\dotnet\sdk\8.0.200
TpTrace Information: 0 : 35452, 1, 2024/03/19, 13:44:58.386, 7027272925287, vstest.console.dll, AssemblyResolver.AddSearchDirectories: Adding more searchDirectories C:\Program Files\dotnet\sdk\8.0.200\Extensions,C:\Program Files\dotnet\sdk\8.0.200
TpTrace Information: 0 : 35452, 1, 2024/03/19, 13:44:58.386, 7027272926850, vstest.console.dll, AssemblyResolver.AddSearchDirectories: Adding more searchDirectories C:\Program Files\dotnet\sdk\8.0.200\Extensions,C:\Program Files\dotnet\sdk\8.0.200
TpTrace Information: 0 : 35452, 1, 2024/03/19, 13:44:58.388, 7027272952347, vstest.console.dll, AssemblyResolver.OnResolve: Microsoft.Diagnostics.NETCore.Client: Resolving assembly.
TpTrace Information: 0 : 35452, 1, 2024/03/19, 13:44:58.389, 7027272956640, vstest.console.dll, AssemblyResolver.OnResolve: Microsoft.Diagnostics.NETCore.Client: Searching in: 'C:\Program Files\dotnet\sdk\8.0.200\Extensions'.
TpTrace Information: 0 : 35452, 1, 2024/03/19, 13:44:58.442, 7027273484736, vstest.console.dll, AssemblyResolver.OnResolve: Microsoft.Diagnostics.NETCore.Client: Loading assembly 'C:\Program Files\dotnet\sdk\8.0.200\Extensions\Microsoft.Diagnostics.NETCore.Client.dll'.
TpTrace Information: 0 : 35452, 1, 2024/03/19, 13:44:58.605, 7027275115081, vstest.console.dll, AssemblyResolver.OnResolve: Resolved assembly: Microsoft.Diagnostics.NETCore.Client, from path: C:\Program Files\dotnet\sdk\8.0.200\Extensions\Microsoft.Diagnostics.NETCore.Client.dll
TpTrace Verbose: 0 : 35452, 1, 2024/03/19, 13:44:58.630, 7027275369323, vstest.console.dll, MetadataReaderExtensionsHelper: Discovering extensions inside assembly 'Microsoft.Diagnostics.NETCore.Client, Version=0.2.9.2401, Culture=neutral, PublicKeyToken=31bf3856ad364e35' file path 'C:\Program Files\dotnet\sdk\8.0.200\Extensions\Microsoft.Diagnostics.NETCore.Client.dll'
TpTrace Information: 0 : 35452, 1, 2024/03/19, 13:44:58.658, 7027275652592, vstest.console.dll, AssemblyResolver.OnResolve: Microsoft.Bcl.AsyncInterfaces: Resolving assembly.
TpTrace Information: 0 : 35452, 1, 2024/03/19, 13:44:58.659, 7027275656405, vstest.console.dll, AssemblyResolver.OnResolve: Microsoft.Bcl.AsyncInterfaces: Searching in: 'C:\Program Files\dotnet\sdk\8.0.200\Extensions'.
TpTrace Information: 0 : 35452, 1, 2024/03/19, 13:44:58.659, 7027275661312, vstest.console.dll, AssemblyResolver.OnResolve: Microsoft.Bcl.AsyncInterfaces: Assembly path does not exist: 'C:\Program Files\dotnet\sdk\8.0.200\Extensions\Microsoft.Bcl.AsyncInterfaces.dll', returning.
TpTrace Information: 0 : 35452, 1, 2024/03/19, 13:44:58.660, 7027275667083, vstest.console.dll, AssemblyResolver.OnResolve: Microsoft.Bcl.AsyncInterfaces: Assembly path does not exist: 'C:\Program Files\dotnet\sdk\8.0.200\Extensions\Microsoft.Bcl.AsyncInterfaces.exe', returning.
TpTrace Information: 0 : 35452, 1, 2024/03/19, 13:44:58.660, 7027275669374, vstest.console.dll, AssemblyResolver.OnResolve: Microsoft.Bcl.AsyncInterfaces: Searching in: 'C:\Program Files\dotnet\sdk\8.0.200'.
TpTrace Information: 0 : 35452, 1, 2024/03/19, 13:44:58.660, 7027275673113, vstest.console.dll, AssemblyResolver.OnResolve: Microsoft.Bcl.AsyncInterfaces: Assembly path does not exist: 'C:\Program Files\dotnet\sdk\8.0.200\Microsoft.Bcl.AsyncInterfaces.dll', returning.
TpTrace Information: 0 : 35452, 1, 2024/03/19, 13:44:58.661, 7027275676845, vstest.console.dll, AssemblyResolver.OnResolve: Microsoft.Bcl.AsyncInterfaces: Assembly path does not exist: 'C:\Program Files\dotnet\sdk\8.0.200\Microsoft.Bcl.AsyncInterfaces.exe', returning.
TpTrace Information: 0 : 35452, 1, 2024/03/19, 13:44:58.661, 7027275679023, vstest.console.dll, AssemblyResolver.OnResolve: Microsoft.Bcl.AsyncInterfaces: Failed to load assembly.
TpTrace Verbose: 0 : 35452, 1, 2024/03/19, 13:44:58.661, 7027275680864, vstest.console.dll, CurrentDomainAssemblyResolve: Resolving assembly 'Microsoft.Bcl.AsyncInterfaces'.
TpTrace Information: 0 : 35452, 1, 2024/03/19, 13:44:58.661, 7027275683804, vstest.console.dll, AssemblyResolver.OnResolve: Microsoft.Bcl.AsyncInterfaces: Resolving assembly.
TpTrace Information: 0 : 35452, 1, 2024/03/19, 13:44:58.662, 7027275685780, vstest.console.dll, AssemblyResolver.OnResolve: Microsoft.Bcl.AsyncInterfaces: Resolved from cache.
TpTrace Verbose: 0 : 35452, 1, 2024/03/19, 13:44:58.662, 7027275687233, vstest.console.dll, CurrentDomainAssemblyResolve: Resolving assembly 'Microsoft.Bcl.AsyncInterfaces'.
TpTrace Verbose: 0 : 35452, 1, 2024/03/19, 13:44:58.662, 7027275688891, vstest.console.dll, CurrentDomainAssemblyResolve: Failed to resolve assembly 'Microsoft.Bcl.AsyncInterfaces'.
TpTrace Verbose: 0 : 35452, 1, 2024/03/19, 13:44:58.680, 7027275865738, vstest.console.dll, CurrentDomainAssemblyResolve: Failed to resolve assembly 'Microsoft.Bcl.AsyncInterfaces'.
TpTrace Warning: 0 : 35452, 1, 2024/03/19, 13:44:58.963, 7027278694955, vstest.console.dll, TestPluginDiscoverer: Failed to get types from assembly 'Microsoft.Diagnostics.NETCore.Client, Version=0.2.9.2401, Culture=neutral, PublicKeyToken=31bf3856ad364e35'. Error: System.Reflection.ReflectionTypeLoadException: Unable to load one or more of the requested types.
Could not load file or assembly 'Microsoft.Bcl.AsyncInterfaces, Version=6.0.0.0, Culture=neutral, PublicKeyToken=cc7b13ffcd2ddd51'. The system cannot find the file specified.
   at System.Reflection.RuntimeModule.GetTypes(RuntimeModule module)
   at System.Reflection.RuntimeModule.GetTypes()
   at Microsoft.VisualStudio.TestPlatform.Common.ExtensionFramework.TestPluginDiscoverer.GetTestExtensionsFromAssembly[TPluginInfo,TExtension](Assembly assembly, Dictionary`2 pluginInfos, String filePath) in /_/src/Microsoft.TestPlatform.Common/ExtensionFramework/TestPluginDiscoverer.cs:line 158
System.IO.FileNotFoundException: Could not load file or assembly 'Microsoft.Bcl.AsyncInterfaces, Version=6.0.0.0, Culture=neutral, PublicKeyToken=cc7b13ffcd2ddd51'. The system cannot find the file specified.
File name: 'Microsoft.Bcl.AsyncInterfaces, Version=6.0.0.0, Culture=neutral, PublicKeyToken=cc7b13ffcd2ddd51'
 ---> System.IO.FileNotFoundException: Could not load file or assembly 'Microsoft.Bcl.AsyncInterfaces, Culture=neutral, PublicKeyToken=null'. The system cannot find the file specified.
File name: 'Microsoft.Bcl.AsyncInterfaces, Culture=neutral, PublicKeyToken=null'
   at System.Reflection.RuntimeAssembly.InternalLoad(AssemblyName assemblyName, StackCrawlMark& stackMark, AssemblyLoadContext assemblyLoadContext, RuntimeAssembly requestingAssembly, Boolean throwOnFileNotFound)
   at System.Reflection.Assembly.Load(AssemblyName assemblyRef)
   at Microsoft.VisualStudio.TestPlatform.Common.ExtensionFramework.TestPluginCache.CurrentDomainAssemblyResolve(Object sender, AssemblyResolveEventArgs args) in /_/src/Microsoft.TestPlatform.Common/ExtensionFramework/TestPluginCache.cs:line 513
   at System.Runtime.Loader.AssemblyLoadContext.GetFirstResolvedAssemblyFromResolvingEvent(AssemblyName assemblyName)
   at System.Runtime.Loader.AssemblyLoadContext.ResolveUsingEvent(AssemblyName assemblyName)
   at System.Runtime.Loader.AssemblyLoadContext.ResolveUsingResolvingEvent(IntPtr gchManagedAssemblyLoadContext, AssemblyName assemblyName)
TpTrace Warning: 0 : 35452, 1, 2024/03/19, 13:44:58.963, 7027278701696, vstest.console.dll, LoaderExceptions: System.IO.FileNotFoundException: Could not load file or assembly 'Microsoft.Bcl.AsyncInterfaces, Version=6.0.0.0, Culture=neutral, PublicKeyToken=cc7b13ffcd2ddd51'. The system cannot find the file specified.
File name: 'Microsoft.Bcl.AsyncInterfaces, Version=6.0.0.0, Culture=neutral, PublicKeyToken=cc7b13ffcd2ddd51'
 ---> System.IO.FileNotFoundException: Could not load file or assembly 'Microsoft.Bcl.AsyncInterfaces, Culture=neutral, PublicKeyToken=null'. The system cannot find the file specified.
File name: 'Microsoft.Bcl.AsyncInterfaces, Culture=neutral, PublicKeyToken=null'
   at System.Reflection.RuntimeAssembly.InternalLoad(AssemblyName assemblyName, StackCrawlMark& stackMark, AssemblyLoadContext assemblyLoadContext, RuntimeAssembly requestingAssembly, Boolean throwOnFileNotFound)
   at System.Reflection.Assembly.Load(AssemblyName assemblyRef)
   at Microsoft.VisualStudio.TestPlatform.Common.ExtensionFramework.TestPluginCache.CurrentDomainAssemblyResolve(Object sender, AssemblyResolveEventArgs args) in /_/src/Microsoft.TestPlatform.Common/ExtensionFramework/TestPluginCache.cs:line 513
   at System.Runtime.Loader.AssemblyLoadContext.GetFirstResolvedAssemblyFromResolvingEvent(AssemblyName assemblyName)
   at System.Runtime.Loader.AssemblyLoadContext.ResolveUsingEvent(AssemblyName assemblyName)
   at System.Runtime.Loader.AssemblyLoadContext.ResolveUsingResolvingEvent(IntPtr gchManagedAssemblyLoadContext, AssemblyName assemblyName)
TpTrace Information: 0 : 35452, 1, 2024/03/19, 13:44:58.964, 7027278704258, vstest.console.dll, AssemblyResolver.OnResolve: Microsoft.TestPlatform.Extensions.BlameDataCollector: Resolving assembly.
TpTrace Information: 0 : 35452, 1, 2024/03/19, 13:44:58.964, 7027278705133, vstest.console.dll, AssemblyResolver.OnResolve: Microsoft.TestPlatform.Extensions.BlameDataCollector: Searching in: 'C:\Program Files\dotnet\sdk\8.0.200\Extensions'.
TpTrace Information: 0 : 35452, 1, 2024/03/19, 13:44:58.966, 7027278728450, vstest.console.dll, AssemblyResolver.OnResolve: Microsoft.TestPlatform.Extensions.BlameDataCollector: Loading assembly 'C:\Program Files\dotnet\sdk\8.0.200\Extensions\Microsoft.TestPlatform.Extensions.BlameDataCollector.dll'.
TpTrace Information: 0 : 35452, 1, 2024/03/19, 13:44:59.038, 7027279449337, vstest.console.dll, AssemblyResolver.OnResolve: Resolved assembly: Microsoft.TestPlatform.Extensions.BlameDataCollector, from path: C:\Program Files\dotnet\sdk\8.0.200\Extensions\Microsoft.TestPlatform.Extensions.BlameDataCollector.dll
TpTrace Verbose: 0 : 35452, 1, 2024/03/19, 13:44:59.038, 7027279452400, vstest.console.dll, MetadataReaderExtensionsHelper: Discovering extensions inside assembly 'Microsoft.TestPlatform.Extensions.BlameDataCollector, Version=15.0.0.0, Culture=neutral, PublicKeyToken=b03f5f7f11d50a3a' file path 'C:\Program Files\dotnet\sdk\8.0.200\Extensions\Microsoft.TestPlatform.Extensions.BlameDataCollector.dll'
TpTrace Information: 0 : 35452, 1, 2024/03/19, 13:44:59.042, 7027279486630, vstest.console.dll, AssemblyResolver.OnResolve: Microsoft.TestPlatform.Extensions.EventLogCollector: Resolving assembly.
TpTrace Information: 0 : 35452, 1, 2024/03/19, 13:44:59.042, 7027279488500, vstest.console.dll, AssemblyResolver.OnResolve: Microsoft.TestPlatform.Extensions.EventLogCollector: Searching in: 'C:\Program Files\dotnet\sdk\8.0.200\Extensions'.
TpTrace Information: 0 : 35452, 1, 2024/03/19, 13:44:59.045, 7027279520263, vstest.console.dll, AssemblyResolver.OnResolve: Microsoft.TestPlatform.Extensions.EventLogCollector: Loading assembly 'C:\Program Files\dotnet\sdk\8.0.200\Extensions\Microsoft.TestPlatform.Extensions.EventLogCollector.dll'.
TpTrace Information: 0 : 35452, 1, 2024/03/19, 13:44:59.191, 7027280979754, vstest.console.dll, AssemblyResolver.OnResolve: Resolved assembly: Microsoft.TestPlatform.Extensions.EventLogCollector, from path: C:\Program Files\dotnet\sdk\8.0.200\Extensions\Microsoft.TestPlatform.Extensions.EventLogCollector.dll
TpTrace Verbose: 0 : 35452, 1, 2024/03/19, 13:44:59.192, 7027280984399, vstest.console.dll, MetadataReaderExtensionsHelper: Discovering extensions inside assembly 'Microsoft.TestPlatform.Extensions.EventLogCollector, Version=15.0.0.0, Culture=neutral, PublicKeyToken=b03f5f7f11d50a3a' file path 'C:\Program Files\dotnet\sdk\8.0.200\Extensions\Microsoft.TestPlatform.Extensions.EventLogCollector.dll'
TpTrace Information: 0 : 35452, 1, 2024/03/19, 13:44:59.368, 7027282746128, vstest.console.dll, AssemblyResolver.OnResolve: Microsoft.TestPlatform.TestHostRuntimeProvider: Resolving assembly.
TpTrace Information: 0 : 35452, 1, 2024/03/19, 13:44:59.368, 7027282748252, vstest.console.dll, AssemblyResolver.OnResolve: Microsoft.TestPlatform.TestHostRuntimeProvider: Searching in: 'C:\Program Files\dotnet\sdk\8.0.200\Extensions'.
TpTrace Information: 0 : 35452, 1, 2024/03/19, 13:44:59.370, 7027282770301, vstest.console.dll, AssemblyResolver.OnResolve: Microsoft.TestPlatform.TestHostRuntimeProvider: Loading assembly 'C:\Program Files\dotnet\sdk\8.0.200\Extensions\Microsoft.TestPlatform.TestHostRuntimeProvider.dll'.
TpTrace Information: 0 : 35452, 1, 2024/03/19, 13:44:59.375, 7027282820917, vstest.console.dll, AssemblyResolver.OnResolve: Resolved assembly: Microsoft.TestPlatform.TestHostRuntimeProvider, from path: C:\Program Files\dotnet\sdk\8.0.200\Extensions\Microsoft.TestPlatform.TestHostRuntimeProvider.dll
TpTrace Verbose: 0 : 35452, 1, 2024/03/19, 13:44:59.376, 7027282824496, vstest.console.dll, MetadataReaderExtensionsHelper: Discovering extensions inside assembly 'Microsoft.TestPlatform.TestHostRuntimeProvider, Version=15.0.0.0, Culture=neutral, PublicKeyToken=b03f5f7f11d50a3a' file path 'C:\Program Files\dotnet\sdk\8.0.200\Extensions\Microsoft.TestPlatform.TestHostRuntimeProvider.dll'
TpTrace Information: 0 : 35452, 1, 2024/03/19, 13:44:59.381, 7027282879880, vstest.console.dll, GetTestExtensionFromType: Register extension with identifier data 'HostProvider://DefaultTestHost' and type 'Microsoft.VisualStudio.TestPlatform.CrossPlatEngine.Hosting.DefaultTestHostManager, Microsoft.TestPlatform.TestHostRuntimeProvider, Version=15.0.0.0, Culture=neutral, PublicKeyToken=b03f5f7f11d50a3a' inside file 'C:\Program Files\dotnet\sdk\8.0.200\Extensions\Microsoft.TestPlatform.TestHostRuntimeProvider.dll'
TpTrace Information: 0 : 35452, 1, 2024/03/19, 13:44:59.382, 7027282887146, vstest.console.dll, GetTestExtensionFromType: Register extension with identifier data 'HostProvider://DotnetTestHost' and type 'Microsoft.VisualStudio.TestPlatform.CrossPlatEngine.Hosting.DotnetTestHostManager, Microsoft.TestPlatform.TestHostRuntimeProvider, Version=15.0.0.0, Culture=neutral, PublicKeyToken=b03f5f7f11d50a3a' inside file 'C:\Program Files\dotnet\sdk\8.0.200\Extensions\Microsoft.TestPlatform.TestHostRuntimeProvider.dll'
TpTrace Information: 0 : 35452, 1, 2024/03/19, 13:44:59.382, 7027282889356, vstest.console.dll, AssemblyResolver.OnResolve: Microsoft.VisualStudio.TestPlatform.Extensions.Html.TestLogger: Resolving assembly.
TpTrace Information: 0 : 35452, 1, 2024/03/19, 13:44:59.382, 7027282890452, vstest.console.dll, AssemblyResolver.OnResolve: Microsoft.VisualStudio.TestPlatform.Extensions.Html.TestLogger: Searching in: 'C:\Program Files\dotnet\sdk\8.0.200\Extensions'.
TpTrace Information: 0 : 35452, 1, 2024/03/19, 13:44:59.384, 7027282913433, vstest.console.dll, AssemblyResolver.OnResolve: Microsoft.VisualStudio.TestPlatform.Extensions.Html.TestLogger: Loading assembly 'C:\Program Files\dotnet\sdk\8.0.200\Extensions\Microsoft.VisualStudio.TestPlatform.Extensions.Html.TestLogger.dll'.
TpTrace Information: 0 : 35452, 1, 2024/03/19, 13:44:59.448, 7027283547621, vstest.console.dll, AssemblyResolver.OnResolve: Resolved assembly: Microsoft.VisualStudio.TestPlatform.Extensions.Html.TestLogger, from path: C:\Program Files\dotnet\sdk\8.0.200\Extensions\Microsoft.VisualStudio.TestPlatform.Extensions.Html.TestLogger.dll
TpTrace Verbose: 0 : 35452, 1, 2024/03/19, 13:44:59.448, 7027283550179, vstest.console.dll, MetadataReaderExtensionsHelper: Discovering extensions inside assembly 'Microsoft.VisualStudio.TestPlatform.Extensions.Html.TestLogger, Version=15.0.0.0, Culture=neutral, PublicKeyToken=b03f5f7f11d50a3a' file path 'C:\Program Files\dotnet\sdk\8.0.200\Extensions\Microsoft.VisualStudio.TestPlatform.Extensions.Html.TestLogger.dll'
TpTrace Information: 0 : 35452, 1, 2024/03/19, 13:44:59.450, 7027283572533, vstest.console.dll, AssemblyResolver.OnResolve: Microsoft.VisualStudio.TestPlatform.Extensions.Trx.TestLogger: Resolving assembly.
TpTrace Information: 0 : 35452, 1, 2024/03/19, 13:44:59.451, 7027283574257, vstest.console.dll, AssemblyResolver.OnResolve: Microsoft.VisualStudio.TestPlatform.Extensions.Trx.TestLogger: Searching in: 'C:\Program Files\dotnet\sdk\8.0.200\Extensions'.
TpTrace Information: 0 : 35452, 1, 2024/03/19, 13:44:59.454, 7027283608292, vstest.console.dll, AssemblyResolver.OnResolve: Microsoft.VisualStudio.TestPlatform.Extensions.Trx.TestLogger: Loading assembly 'C:\Program Files\dotnet\sdk\8.0.200\Extensions\Microsoft.VisualStudio.TestPlatform.Extensions.Trx.TestLogger.dll'.
TpTrace Information: 0 : 35452, 1, 2024/03/19, 13:44:59.530, 7027284366555, vstest.console.dll, AssemblyResolver.OnResolve: Resolved assembly: Microsoft.VisualStudio.TestPlatform.Extensions.Trx.TestLogger, from path: C:\Program Files\dotnet\sdk\8.0.200\Extensions\Microsoft.VisualStudio.TestPlatform.Extensions.Trx.TestLogger.dll
TpTrace Verbose: 0 : 35452, 1, 2024/03/19, 13:44:59.530, 7027284369184, vstest.console.dll, MetadataReaderExtensionsHelper: Discovering extensions inside assembly 'Microsoft.VisualStudio.TestPlatform.Extensions.Trx.TestLogger, Version=15.0.0.0, Culture=neutral, PublicKeyToken=b03f5f7f11d50a3a' file path 'C:\Program Files\dotnet\sdk\8.0.200\Extensions\Microsoft.VisualStudio.TestPlatform.Extensions.Trx.TestLogger.dll'
TpTrace Verbose: 0 : 35452, 1, 2024/03/19, 13:44:59.533, 7027284397210, vstest.console.dll, TestPluginCache: Discovered the extensions using extension path ''.
TpTrace Verbose: 0 : 35452, 1, 2024/03/19, 13:44:59.533, 7027284399418, vstest.console.dll, TestPluginCache: Discoverers are ''.
TpTrace Verbose: 0 : 35452, 1, 2024/03/19, 13:44:59.533, 7027284400328, vstest.console.dll, TestPluginCache: Executors are ''.
TpTrace Verbose: 0 : 35452, 1, 2024/03/19, 13:44:59.533, 7027284401087, vstest.console.dll, TestPluginCache: Executors2 are ''.
TpTrace Verbose: 0 : 35452, 1, 2024/03/19, 13:44:59.533, 7027284401807, vstest.console.dll, TestPluginCache: Setting providers are ''.
TpTrace Verbose: 0 : 35452, 1, 2024/03/19, 13:44:59.533, 7027284402512, vstest.console.dll, TestPluginCache: Loggers are ''.
TpTrace Verbose: 0 : 35452, 1, 2024/03/19, 13:44:59.534, 7027284407045, vstest.console.dll, TestPluginCache: TestHosts are 'HostProvider://DefaultTestHost,HostProvider://DotnetTestHost'.
TpTrace Verbose: 0 : 35452, 1, 2024/03/19, 13:44:59.534, 7027284408304, vstest.console.dll, TestPluginCache: DataCollectors are ''.
TpTrace Information: 0 : 35452, 1, 2024/03/19, 13:44:59.777, 7027286838389, vstest.console.dll, RunTestsArgumentProcessor:Execute: Test run is starting.
TpTrace Verbose: 0 : 35452, 1, 2024/03/19, 13:44:59.777, 7027286840578, vstest.console.dll, RunTestsArgumentProcessor:Execute: Queuing Test run.
TpTrace Information: 0 : 35452, 1, 2024/03/19, 13:44:59.778, 7027286846637, vstest.console.dll, TestRequestManager.RunTests: run tests started.
TpTrace Information: 0 : 35452, 1, 2024/03/19, 13:44:59.784, 7027286904053, vstest.console.dll, AssemblyMetadataProvider.GetFrameworkName: Determined framework:'.NETCoreApp,Version=v8.0' for source: 'C:\Users\Yassir.JERRARI\source\repos\NetWorkUnity\NetWorkUnityTest\bin\Debug\net8.0\fine-code-coverage\build-output\NetWorkUnityTest.dll'
TpTrace Information: 0 : 35452, 1, 2024/03/19, 13:44:59.784, 7027286909087, vstest.console.dll, Determined framework for all sources: .NETCoreApp,Version=v8.0
TpTrace Verbose: 0 : 35452, 1, 2024/03/19, 13:44:59.785, 7027286918002, vstest.console.dll, TestRequestManager.UpdateRunSettingsIfRequired: Default architecture: X64 IsDefaultTargetArchitecture: True, Current process architecture: X64 OperatingSystem: Windows.
TpTrace Information: 0 : 35452, 1, 2024/03/19, 13:44:59.790, 7027286972180, vstest.console.dll, AssemblyMetadataProvider.GetArchitecture: Determined architecture:AnyCPU info for assembly: C:\Users\Yassir.JERRARI\source\repos\NetWorkUnity\NetWorkUnityTest\bin\Debug\net8.0\fine-code-coverage\build-output\NetWorkUnityTest.dll
TpTrace Information: 0 : 35452, 1, 2024/03/19, 13:44:59.791, 7027286974303, vstest.console.dll, Determined platform for source 'C:\Users\Yassir.JERRARI\source\repos\NetWorkUnity\NetWorkUnityTest\bin\Debug\net8.0\fine-code-coverage\build-output\NetWorkUnityTest.dll' was AnyCPU and it will use the default plaform X64.
TpTrace Information: 0 : 35452, 1, 2024/03/19, 13:44:59.791, 7027286975331, vstest.console.dll, None of the sources provided any runnable platform, using the default platform: X64
TpTrace Information: 0 : 35452, 1, 2024/03/19, 13:44:59.791, 7027286978286, vstest.console.dll, Platform was updated to 'X64'.
TpTrace Information: 0 : 35452, 1, 2024/03/19, 13:44:59.802, 7027287091895, vstest.console.dll, InferRunSettingsHelper.IsTestSettingsEnabled: Unable to navigate to RunSettings/MSTest. Current node: RunSettings
TpTrace Information: 0 : 35452, 1, 2024/03/19, 13:44:59.808, 7027287164982, vstest.console.dll, AssemblyResolver.OnResolve: Microsoft.VisualStudio.TestPlatform.Fakes: Resolving assembly.
TpTrace Information: 0 : 35452, 1, 2024/03/19, 13:44:59.810, 7027287170883, vstest.console.dll, AssemblyResolver.OnResolve: Microsoft.VisualStudio.TestPlatform.Fakes: Searching in: 'C:\Program Files\dotnet\sdk\8.0.200\Extensions'.
TpTrace Information: 0 : 35452, 1, 2024/03/19, 13:44:59.811, 7027287178335, vstest.console.dll, AssemblyResolver.OnResolve: Microsoft.VisualStudio.TestPlatform.Fakes: Assembly path does not exist: 'C:\Program Files\dotnet\sdk\8.0.200\Extensions\Microsoft.VisualStudio.TestPlatform.Fakes.dll', returning.
TpTrace Information: 0 : 35452, 1, 2024/03/19, 13:44:59.812, 7027287190321, vstest.console.dll, AssemblyResolver.OnResolve: Microsoft.VisualStudio.TestPlatform.Fakes: Assembly path does not exist: 'C:\Program Files\dotnet\sdk\8.0.200\Extensions\Microsoft.VisualStudio.TestPlatform.Fakes.exe', returning.
TpTrace Information: 0 : 35452, 1, 2024/03/19, 13:44:59.812, 7027287193041, vstest.console.dll, AssemblyResolver.OnResolve: Microsoft.VisualStudio.TestPlatform.Fakes: Searching in: 'C:\Program Files\dotnet\sdk\8.0.200'.
TpTrace Information: 0 : 35452, 1, 2024/03/19, 13:44:59.813, 7027287196611, vstest.console.dll, AssemblyResolver.OnResolve: Microsoft.VisualStudio.TestPlatform.Fakes: Assembly path does not exist: 'C:\Program Files\dotnet\sdk\8.0.200\Microsoft.VisualStudio.TestPlatform.Fakes.dll', returning.
TpTrace Information: 0 : 35452, 1, 2024/03/19, 13:44:59.813, 7027287200185, vstest.console.dll, AssemblyResolver.OnResolve: Microsoft.VisualStudio.TestPlatform.Fakes: Assembly path does not exist: 'C:\Program Files\dotnet\sdk\8.0.200\Microsoft.VisualStudio.TestPlatform.Fakes.exe', returning.
TpTrace Information: 0 : 35452, 1, 2024/03/19, 13:44:59.813, 7027287201890, vstest.console.dll, AssemblyResolver.OnResolve: Microsoft.VisualStudio.TestPlatform.Fakes: Failed to load assembly.
TpTrace Information: 0 : 35452, 1, 2024/03/19, 13:44:59.814, 7027287211998, vstest.console.dll, Failed to load assembly Microsoft.VisualStudio.TestPlatform.Fakes, Version=17.0.0.0, Culture=neutral. Reason:System.IO.FileNotFoundException: Could not load file or assembly 'Microsoft.VisualStudio.TestPlatform.Fakes, Version=17.0.0.0, Culture=neutral, PublicKeyToken=null'. The system cannot find the file specified.
File name: 'Microsoft.VisualStudio.TestPlatform.Fakes, Version=17.0.0.0, Culture=neutral, PublicKeyToken=null'
   at System.Reflection.RuntimeAssembly.InternalLoad(AssemblyName assemblyName, StackCrawlMark& stackMark, AssemblyLoadContext assemblyLoadContext, RuntimeAssembly requestingAssembly, Boolean throwOnFileNotFound)
   at System.Reflection.Assembly.Load(AssemblyName assemblyRef)
   at Microsoft.VisualStudio.TestPlatform.Common.Utilities.FakesUtilities.LoadTestPlatformAssembly() in /_/src/Microsoft.TestPlatform.Common/Utilities/FakesUtilities.cs:line 272
TpTrace Verbose: 0 : 35452, 1, 2024/03/19, 13:44:59.824, 7027287311212, vstest.console.dll, TestPluginCache.DiscoverTestExtensions: finding test extensions in assemblies ends with: TestLogger.dll TPluginInfo: Microsoft.VisualStudio.TestPlatform.Common.ExtensionFramework.Utilities.TestLoggerPluginInformation TExtension: Microsoft.VisualStudio.TestPlatform.ObjectModel.Client.ITestLogger
TpTrace Verbose: 0 : 35452, 1, 2024/03/19, 13:44:59.825, 7027287314134, vstest.console.dll, TestPluginCache.GetExtensionPaths: Filtered extension paths: 
TpTrace Verbose: 0 : 35452, 1, 2024/03/19, 13:44:59.825, 7027287315335, vstest.console.dll, TestPluginCache.GetExtensionPaths: Added default extension paths: C:\Program Files\dotnet\sdk\8.0.200\Extensions\Microsoft.Diagnostics.NETCore.Client.dll
C:\Program Files\dotnet\sdk\8.0.200\Extensions\Microsoft.TestPlatform.Extensions.BlameDataCollector.dll
C:\Program Files\dotnet\sdk\8.0.200\Extensions\Microsoft.TestPlatform.Extensions.EventLogCollector.dll
C:\Program Files\dotnet\sdk\8.0.200\Extensions\Microsoft.TestPlatform.TestHostRuntimeProvider.dll
C:\Program Files\dotnet\sdk\8.0.200\Extensions\Microsoft.VisualStudio.TestPlatform.Extensions.Html.TestLogger.dll
C:\Program Files\dotnet\sdk\8.0.200\Extensions\Microsoft.VisualStudio.TestPlatform.Extensions.Trx.TestLogger.dll
TpTrace Verbose: 0 : 35452, 1, 2024/03/19, 13:44:59.825, 7027287316416, vstest.console.dll, TestPluginCache.GetExtensionPaths: Added unfilterableExtensionPaths: 
TpTrace Information: 0 : 35452, 1, 2024/03/19, 13:44:59.825, 7027287320211, vstest.console.dll, AssemblyResolver.AddSearchDirectories: Adding more searchDirectories C:\Program Files\dotnet\sdk\8.0.200\Extensions,C:\Program Files\dotnet\sdk\8.0.200
TpTrace Verbose: 0 : 35452, 1, 2024/03/19, 13:44:59.825, 7027287321881, vstest.console.dll, TestPluginCache.DiscoverTestExtensions: Discovering the extensions using extension path.
TpTrace Verbose: 0 : 35452, 1, 2024/03/19, 13:44:59.825, 7027287323192, vstest.console.dll, TestPluginCache.GetExtensionPaths: Filtered extension paths: 
TpTrace Verbose: 0 : 35452, 1, 2024/03/19, 13:44:59.826, 7027287324557, vstest.console.dll, TestPluginCache.GetExtensionPaths: Added default extension paths: C:\Program Files\dotnet\sdk\8.0.200\Extensions\Microsoft.Diagnostics.NETCore.Client.dll
C:\Program Files\dotnet\sdk\8.0.200\Extensions\Microsoft.TestPlatform.Extensions.BlameDataCollector.dll
C:\Program Files\dotnet\sdk\8.0.200\Extensions\Microsoft.TestPlatform.Extensions.EventLogCollector.dll
C:\Program Files\dotnet\sdk\8.0.200\Extensions\Microsoft.TestPlatform.TestHostRuntimeProvider.dll
C:\Program Files\dotnet\sdk\8.0.200\Extensions\Microsoft.VisualStudio.TestPlatform.Extensions.Html.TestLogger.dll
C:\Program Files\dotnet\sdk\8.0.200\Extensions\Microsoft.VisualStudio.TestPlatform.Extensions.Trx.TestLogger.dll
TpTrace Verbose: 0 : 35452, 1, 2024/03/19, 13:44:59.826, 7027287325473, vstest.console.dll, TestPluginCache.GetExtensionPaths: Added unfilterableExtensionPaths: 
TpTrace Verbose: 0 : 35452, 1, 2024/03/19, 13:44:59.826, 7027287326468, vstest.console.dll, TestPluginCache.DiscoverTestExtensions: Discovering the extensions using allExtensionPaths: C:\Program Files\dotnet\sdk\8.0.200\Extensions\Microsoft.Diagnostics.NETCore.Client.dll
C:\Program Files\dotnet\sdk\8.0.200\Extensions\Microsoft.TestPlatform.Extensions.BlameDataCollector.dll
C:\Program Files\dotnet\sdk\8.0.200\Extensions\Microsoft.TestPlatform.Extensions.EventLogCollector.dll
C:\Program Files\dotnet\sdk\8.0.200\Extensions\Microsoft.TestPlatform.TestHostRuntimeProvider.dll
C:\Program Files\dotnet\sdk\8.0.200\Extensions\Microsoft.VisualStudio.TestPlatform.Extensions.Html.TestLogger.dll
C:\Program Files\dotnet\sdk\8.0.200\Extensions\Microsoft.VisualStudio.TestPlatform.Extensions.Trx.TestLogger.dll
TpTrace Information: 0 : 35452, 1, 2024/03/19, 13:44:59.826, 7027287329316, vstest.console.dll, AssemblyResolver.AddSearchDirectories: Adding more searchDirectories C:\Program Files\dotnet\sdk\8.0.200\Extensions,C:\Program Files\dotnet\sdk\8.0.200
TpTrace Information: 0 : 35452, 1, 2024/03/19, 13:44:59.826, 7027287330998, vstest.console.dll, AssemblyResolver.AddSearchDirectories: Adding more searchDirectories C:\Program Files\dotnet\sdk\8.0.200\Extensions,C:\Program Files\dotnet\sdk\8.0.200
TpTrace Information: 0 : 35452, 1, 2024/03/19, 13:44:59.826, 7027287332341, vstest.console.dll, AssemblyResolver.AddSearchDirectories: Adding more searchDirectories C:\Program Files\dotnet\sdk\8.0.200\Extensions,C:\Program Files\dotnet\sdk\8.0.200
TpTrace Information: 0 : 35452, 1, 2024/03/19, 13:44:59.827, 7027287335550, vstest.console.dll, AssemblyResolver.AddSearchDirectories: Adding more searchDirectories C:\Program Files\dotnet\sdk\8.0.200\Extensions,C:\Program Files\dotnet\sdk\8.0.200
TpTrace Information: 0 : 35452, 1, 2024/03/19, 13:44:59.827, 7027287337327, vstest.console.dll, AssemblyResolver.AddSearchDirectories: Adding more searchDirectories C:\Program Files\dotnet\sdk\8.0.200\Extensions,C:\Program Files\dotnet\sdk\8.0.200
TpTrace Information: 0 : 35452, 1, 2024/03/19, 13:44:59.827, 7027287339107, vstest.console.dll, AssemblyResolver.AddSearchDirectories: Adding more searchDirectories C:\Program Files\dotnet\sdk\8.0.200\Extensions,C:\Program Files\dotnet\sdk\8.0.200
TpTrace Verbose: 0 : 35452, 1, 2024/03/19, 13:44:59.827, 7027287342672, vstest.console.dll, MetadataReaderExtensionsHelper: Discovering extensions inside assembly 'Microsoft.Diagnostics.NETCore.Client, Version=0.2.9.2401, Culture=neutral, PublicKeyToken=31bf3856ad364e35' file path 'C:\Program Files\dotnet\sdk\8.0.200\Extensions\Microsoft.Diagnostics.NETCore.Client.dll'
TpTrace Information: 0 : 35452, 1, 2024/03/19, 13:44:59.830, 7027287364848, vstest.console.dll, AssemblyResolver.OnResolve: Microsoft.Bcl.AsyncInterfaces: Resolving assembly.
TpTrace Information: 0 : 35452, 1, 2024/03/19, 13:44:59.830, 7027287366743, vstest.console.dll, AssemblyResolver.OnResolve: Microsoft.Bcl.AsyncInterfaces: Resolved from cache.
TpTrace Verbose: 0 : 35452, 1, 2024/03/19, 13:44:59.830, 7027287367715, vstest.console.dll, CurrentDomainAssemblyResolve: Resolving assembly 'Microsoft.Bcl.AsyncInterfaces'.
TpTrace Information: 0 : 35452, 1, 2024/03/19, 13:44:59.830, 7027287369032, vstest.console.dll, AssemblyResolver.OnResolve: Microsoft.Bcl.AsyncInterfaces: Resolving assembly.
TpTrace Information: 0 : 35452, 1, 2024/03/19, 13:44:59.830, 7027287370048, vstest.console.dll, AssemblyResolver.OnResolve: Microsoft.Bcl.AsyncInterfaces: Resolved from cache.
TpTrace Verbose: 0 : 35452, 1, 2024/03/19, 13:44:59.830, 7027287370884, vstest.console.dll, CurrentDomainAssemblyResolve: Resolving assembly 'Microsoft.Bcl.AsyncInterfaces'.
TpTrace Verbose: 0 : 35452, 1, 2024/03/19, 13:44:59.830, 7027287371671, vstest.console.dll, CurrentDomainAssemblyResolve: Failed to resolve assembly 'Microsoft.Bcl.AsyncInterfaces'.
TpTrace Verbose: 0 : 35452, 1, 2024/03/19, 13:44:59.831, 7027287375033, vstest.console.dll, CurrentDomainAssemblyResolve: Failed to resolve assembly 'Microsoft.Bcl.AsyncInterfaces'.
TpTrace Warning: 0 : 35452, 1, 2024/03/19, 13:44:59.831, 7027287383558, vstest.console.dll, TestPluginDiscoverer: Failed to get types from assembly 'Microsoft.Diagnostics.NETCore.Client, Version=0.2.9.2401, Culture=neutral, PublicKeyToken=31bf3856ad364e35'. Error: System.Reflection.ReflectionTypeLoadException: Unable to load one or more of the requested types.
Could not load file or assembly 'Microsoft.Bcl.AsyncInterfaces, Version=6.0.0.0, Culture=neutral, PublicKeyToken=cc7b13ffcd2ddd51'. The system cannot find the file specified.
   at System.Reflection.RuntimeModule.GetTypes(RuntimeModule module)
   at System.Reflection.RuntimeModule.GetTypes()
   at Microsoft.VisualStudio.TestPlatform.Common.ExtensionFramework.TestPluginDiscoverer.GetTestExtensionsFromAssembly[TPluginInfo,TExtension](Assembly assembly, Dictionary`2 pluginInfos, String filePath) in /_/src/Microsoft.TestPlatform.Common/ExtensionFramework/TestPluginDiscoverer.cs:line 158
System.IO.FileNotFoundException: Could not load file or assembly 'Microsoft.Bcl.AsyncInterfaces, Version=6.0.0.0, Culture=neutral, PublicKeyToken=cc7b13ffcd2ddd51'. The system cannot find the file specified.
File name: 'Microsoft.Bcl.AsyncInterfaces, Version=6.0.0.0, Culture=neutral, PublicKeyToken=cc7b13ffcd2ddd51'
 ---> System.IO.FileNotFoundException: Could not load file or assembly 'Microsoft.Bcl.AsyncInterfaces, Culture=neutral, PublicKeyToken=null'. The system cannot find the file specified.
File name: 'Microsoft.Bcl.AsyncInterfaces, Culture=neutral, PublicKeyToken=null'
   at System.Reflection.RuntimeAssembly.InternalLoad(AssemblyName assemblyName, StackCrawlMark& stackMark, AssemblyLoadContext assemblyLoadContext, RuntimeAssembly requestingAssembly, Boolean throwOnFileNotFound)
   at System.Reflection.Assembly.Load(AssemblyName assemblyRef)
   at Microsoft.VisualStudio.TestPlatform.Common.ExtensionFramework.TestPluginCache.CurrentDomainAssemblyResolve(Object sender, AssemblyResolveEventArgs args) in /_/src/Microsoft.TestPlatform.Common/ExtensionFramework/TestPluginCache.cs:line 513
   at System.Runtime.Loader.AssemblyLoadContext.GetFirstResolvedAssemblyFromResolvingEvent(AssemblyName assemblyName)
   at System.Runtime.Loader.AssemblyLoadContext.ResolveUsingEvent(AssemblyName assemblyName)
   at System.Runtime.Loader.AssemblyLoadContext.ResolveUsingResolvingEvent(IntPtr gchManagedAssemblyLoadContext, AssemblyName assemblyName)
TpTrace Warning: 0 : 35452, 1, 2024/03/19, 13:44:59.832, 7027287389273, vstest.console.dll, LoaderExceptions: System.IO.FileNotFoundException: Could not load file or assembly 'Microsoft.Bcl.AsyncInterfaces, Version=6.0.0.0, Culture=neutral, PublicKeyToken=cc7b13ffcd2ddd51'. The system cannot find the file specified.
File name: 'Microsoft.Bcl.AsyncInterfaces, Version=6.0.0.0, Culture=neutral, PublicKeyToken=cc7b13ffcd2ddd51'
 ---> System.IO.FileNotFoundException: Could not load file or assembly 'Microsoft.Bcl.AsyncInterfaces, Culture=neutral, PublicKeyToken=null'. The system cannot find the file specified.
File name: 'Microsoft.Bcl.AsyncInterfaces, Culture=neutral, PublicKeyToken=null'
   at System.Reflection.RuntimeAssembly.InternalLoad(AssemblyName assemblyName, StackCrawlMark& stackMark, AssemblyLoadContext assemblyLoadContext, RuntimeAssembly requestingAssembly, Boolean throwOnFileNotFound)
   at System.Reflection.Assembly.Load(AssemblyName assemblyRef)
   at Microsoft.VisualStudio.TestPlatform.Common.ExtensionFramework.TestPluginCache.CurrentDomainAssemblyResolve(Object sender, AssemblyResolveEventArgs args) in /_/src/Microsoft.TestPlatform.Common/ExtensionFramework/TestPluginCache.cs:line 513
   at System.Runtime.Loader.AssemblyLoadContext.GetFirstResolvedAssemblyFromResolvingEvent(AssemblyName assemblyName)
   at System.Runtime.Loader.AssemblyLoadContext.ResolveUsingEvent(AssemblyName assemblyName)
   at System.Runtime.Loader.AssemblyLoadContext.ResolveUsingResolvingEvent(IntPtr gchManagedAssemblyLoadContext, AssemblyName assemblyName)
TpTrace Verbose: 0 : 35452, 1, 2024/03/19, 13:44:59.832, 7027287391634, vstest.console.dll, MetadataReaderExtensionsHelper: Discovering extensions inside assembly 'Microsoft.TestPlatform.Extensions.BlameDataCollector, Version=15.0.0.0, Culture=neutral, PublicKeyToken=b03f5f7f11d50a3a' file path 'C:\Program Files\dotnet\sdk\8.0.200\Extensions\Microsoft.TestPlatform.Extensions.BlameDataCollector.dll'
TpTrace Information: 0 : 35452, 1, 2024/03/19, 13:44:59.834, 7027287407918, vstest.console.dll, GetTestExtensionFromType: Register extension with identifier data 'logger://Microsoft/TestPlatform/Extensions/Blame/v1' and type 'Microsoft.TestPlatform.Extensions.BlameDataCollector.BlameLogger, Microsoft.TestPlatform.Extensions.BlameDataCollector, Version=15.0.0.0, Culture=neutral, PublicKeyToken=b03f5f7f11d50a3a' inside file 'C:\Program Files\dotnet\sdk\8.0.200\Extensions\Microsoft.TestPlatform.Extensions.BlameDataCollector.dll'
TpTrace Verbose: 0 : 35452, 1, 2024/03/19, 13:44:59.834, 7027287410049, vstest.console.dll, MetadataReaderExtensionsHelper: Discovering extensions inside assembly 'Microsoft.TestPlatform.Extensions.EventLogCollector, Version=15.0.0.0, Culture=neutral, PublicKeyToken=b03f5f7f11d50a3a' file path 'C:\Program Files\dotnet\sdk\8.0.200\Extensions\Microsoft.TestPlatform.Extensions.EventLogCollector.dll'
TpTrace Verbose: 0 : 35452, 1, 2024/03/19, 13:44:59.835, 7027287421613, vstest.console.dll, MetadataReaderExtensionsHelper: Discovering extensions inside assembly 'Microsoft.TestPlatform.TestHostRuntimeProvider, Version=15.0.0.0, Culture=neutral, PublicKeyToken=b03f5f7f11d50a3a' file path 'C:\Program Files\dotnet\sdk\8.0.200\Extensions\Microsoft.TestPlatform.TestHostRuntimeProvider.dll'
TpTrace Verbose: 0 : 35452, 1, 2024/03/19, 13:44:59.837, 7027287434319, vstest.console.dll, MetadataReaderExtensionsHelper: Discovering extensions inside assembly 'Microsoft.VisualStudio.TestPlatform.Extensions.Html.TestLogger, Version=15.0.0.0, Culture=neutral, PublicKeyToken=b03f5f7f11d50a3a' file path 'C:\Program Files\dotnet\sdk\8.0.200\Extensions\Microsoft.VisualStudio.TestPlatform.Extensions.Html.TestLogger.dll'
TpTrace Information: 0 : 35452, 1, 2024/03/19, 13:44:59.838, 7027287453416, vstest.console.dll, GetTestExtensionFromType: Register extension with identifier data 'logger://Microsoft/TestPlatform/HtmlLogger/v1' and type 'Microsoft.VisualStudio.TestPlatform.Extensions.HtmlLogger.HtmlLogger, Microsoft.VisualStudio.TestPlatform.Extensions.Html.TestLogger, Version=15.0.0.0, Culture=neutral, PublicKeyToken=b03f5f7f11d50a3a' inside file 'C:\Program Files\dotnet\sdk\8.0.200\Extensions\Microsoft.VisualStudio.TestPlatform.Extensions.Html.TestLogger.dll'
TpTrace Verbose: 0 : 35452, 1, 2024/03/19, 13:44:59.839, 7027287456300, vstest.console.dll, MetadataReaderExtensionsHelper: Discovering extensions inside assembly 'Microsoft.VisualStudio.TestPlatform.Extensions.Trx.TestLogger, Version=15.0.0.0, Culture=neutral, PublicKeyToken=b03f5f7f11d50a3a' file path 'C:\Program Files\dotnet\sdk\8.0.200\Extensions\Microsoft.VisualStudio.TestPlatform.Extensions.Trx.TestLogger.dll'
TpTrace Information: 0 : 35452, 1, 2024/03/19, 13:44:59.841, 7027287473657, vstest.console.dll, GetTestExtensionFromType: Register extension with identifier data 'logger://Microsoft/TestPlatform/TrxLogger/v1' and type 'Microsoft.VisualStudio.TestPlatform.Extensions.TrxLogger.TrxLogger, Microsoft.VisualStudio.TestPlatform.Extensions.Trx.TestLogger, Version=15.0.0.0, Culture=neutral, PublicKeyToken=b03f5f7f11d50a3a' inside file 'C:\Program Files\dotnet\sdk\8.0.200\Extensions\Microsoft.VisualStudio.TestPlatform.Extensions.Trx.TestLogger.dll'
TpTrace Verbose: 0 : 35452, 1, 2024/03/19, 13:44:59.841, 7027287476055, vstest.console.dll, TestPluginCache: Discovered the extensions using extension path ''.
TpTrace Verbose: 0 : 35452, 1, 2024/03/19, 13:44:59.841, 7027287477080, vstest.console.dll, TestPluginCache: Discoverers are ''.
TpTrace Verbose: 0 : 35452, 1, 2024/03/19, 13:44:59.841, 7027287477882, vstest.console.dll, TestPluginCache: Executors are ''.
TpTrace Verbose: 0 : 35452, 1, 2024/03/19, 13:44:59.841, 7027287478655, vstest.console.dll, TestPluginCache: Executors2 are ''.
TpTrace Verbose: 0 : 35452, 1, 2024/03/19, 13:44:59.841, 7027287479477, vstest.console.dll, TestPluginCache: Setting providers are ''.
TpTrace Verbose: 0 : 35452, 1, 2024/03/19, 13:44:59.841, 7027287482511, vstest.console.dll, TestPluginCache: Loggers are 'logger://Microsoft/TestPlatform/Extensions/Blame/v1,logger://Microsoft/TestPlatform/HtmlLogger/v1,logger://Microsoft/TestPlatform/TrxLogger/v1'.
TpTrace Verbose: 0 : 35452, 1, 2024/03/19, 13:44:59.842, 7027287483970, vstest.console.dll, TestPluginCache: TestHosts are 'HostProvider://DefaultTestHost,HostProvider://DotnetTestHost'.
TpTrace Verbose: 0 : 35452, 1, 2024/03/19, 13:44:59.842, 7027287484893, vstest.console.dll, TestPluginCache: DataCollectors are ''.
TpTrace Information: 0 : 35452, 1, 2024/03/19, 13:44:59.844, 7027287504726, vstest.console.dll, TestPluginManager.CreateTestExtension: Attempting to load test extension: Microsoft.TestPlatform.Extensions.BlameDataCollector.BlameLogger
TpTrace Verbose: 0 : 35452, 1, 2024/03/19, 13:44:59.876, 7027287832535, vstest.console.dll, TestEngine: Initializing Parallel Execution as MaxCpuCount is set to: 1
TpTrace Information: 0 : 35452, 1, 2024/03/19, 13:44:59.880, 7027287871701, vstest.console.dll, TestPluginManager.CreateTestExtension: Attempting to load test extension: Microsoft.VisualStudio.TestPlatform.CrossPlatEngine.Hosting.DefaultTestHostManager
TpTrace Information: 0 : 35452, 1, 2024/03/19, 13:44:59.886, 7027287930385, vstest.console.dll, TestPluginManager.CreateTestExtension: Attempting to load test extension: Microsoft.VisualStudio.TestPlatform.CrossPlatEngine.Hosting.DotnetTestHostManager
TpTrace Information: 0 : 35452, 1, 2024/03/19, 13:44:59.888, 7027287953090, vstest.console.dll, InferRunSettingsHelper.IsTestSettingsEnabled: Unable to navigate to RunSettings/MSTest. Current node: RunSettings
TpTrace Verbose: 0 : 35452, 1, 2024/03/19, 13:44:59.890, 7027287969938, vstest.console.dll, ParallelOperationManager.ClearSlots: Clearing all slots. Slots should accept more work: True
TpTrace Verbose: 0 : 35452, 1, 2024/03/19, 13:44:59.892, 7027287987335, vstest.console.dll, ParallelOperationManager.SetOccupiedSlotCount: Setting slot counts AvailableSlotCount = 3, OccupiedSlotCount = 0.
TpTrace Verbose: 0 : 35452, 1, 2024/03/19, 13:44:59.893, 7027287996616, vstest.console.dll, Occupied slots:

TpTrace Verbose: 0 : 35452, 1, 2024/03/19, 13:44:59.903, 7027288093827, vstest.console.dll, TestEngine.GetExecutionManager: Chosen execution manager 'Microsoft.VisualStudio.TestPlatform.CrossPlatEngine.Client.Parallel.ParallelProxyExecutionManager, Microsoft.TestPlatform.CrossPlatEngine, Version=15.0.0.0, Culture=neutral, PublicKeyToken=b03f5f7f11d50a3a' ParallelLevel '1'.
TpTrace Verbose: 0 : 35452, 1, 2024/03/19, 13:44:59.903, 7027288097832, vstest.console.dll, TestRunRequest.ExecuteAsync: Creating test run request.
TpTrace Verbose: 0 : 35452, 1, 2024/03/19, 13:44:59.904, 7027288103977, vstest.console.dll, TestRunRequest.ExecuteAsync: Starting.
TpTrace Information: 0 : 35452, 1, 2024/03/19, 13:44:59.907, 7027288136403, vstest.console.dll, TestRunRequest.ExecuteAsync: Starting run with settings:TestRunCriteria:
   KeepAlive=False,FrequencyOfRunStatsChangeEvent=10,RunStatsChangeEventTimeout=00:00:01.5000000,TestCaseFilter=,TestExecutorLauncher=
   Settingsxml=<RunSettings>
  <RunConfiguration>
    <ResultsDirectory>C:\Users\Yassir.JERRARI\source\repos\NetWorkUnity\NetWorkUnityTest\bin\Debug\net8.0\fine-code-coverage\coverage-tool-output</ResultsDirectory>
    <TargetPlatform>X64</TargetPlatform>
    <TargetFrameworkVersion>.NETCoreApp,Version=v8.0</TargetFrameworkVersion>
    <DesignMode>False</DesignMode>
    <CollectSourceInformation>False</CollectSourceInformation>
  </RunConfiguration>
  <LoggerRunSettings>
    <Loggers>
      <Logger friendlyName="blame" enabled="True" />
      <Logger friendlyName="Console" uri="logger://microsoft/TestPlatform/ConsoleLogger/v1" assemblyQualifiedName="Microsoft.VisualStudio.TestPlatform.CommandLine.Internal.ConsoleLogger, vstest.console, Version=15.0.0.0, Culture=neutral, PublicKeyToken=b03f5f7f11d50a3a" codeBase="C:\Program Files\dotnet\sdk\8.0.200\vstest.console.dll" enabled="True" />
    </Loggers>
  </LoggerRunSettings>
  <DataCollectionRunSettings>
    <DataCollectors>
      <DataCollector friendlyName="blame" enabled="True">
        <Configuration>
          <ResultsDirectory>C:\Users\Yassir.JERRARI\source\repos\NetWorkUnity\NetWorkUnityTest\bin\Debug\net8.0\fine-code-coverage\coverage-tool-output</ResultsDirectory>
        </Configuration>
      </DataCollector>
    </DataCollectors>
  </DataCollectionRunSettings>
</RunSettings>

TpTrace Verbose: 0 : 35452, 1, 2024/03/19, 13:44:59.907, 7027288139819, vstest.console.dll, TestRunRequest.ExecuteAsync: Wait for the first run request is over.
TpTrace Verbose: 0 : 35452, 1, 2024/03/19, 13:44:59.908, 7027288149784, vstest.console.dll, MulticastDelegateUtilities.SafeInvoke: TestRun.TestRunStart: Invoking callbacks was skipped because there are no subscribers.
TpTrace Verbose: 0 : 35452, 4, 2024/03/19, 13:44:59.909, 7027288153792, vstest.console.dll, MulticastDelegateUtilities.SafeInvoke: InternalTestLoggerEvents.SendTestRunStart: Invoking callback 1/1 for Microsoft.VisualStudio.TestPlatform.CommandLine.Internal.ConsoleLogger., took 0 ms.
TpTrace Verbose: 0 : 35452, 1, 2024/03/19, 13:44:59.911, 7027288177568, vstest.console.dll, ParallelProxyExecutionManager: Start execution. Total sources: 1
TpTrace Verbose: 0 : 35452, 1, 2024/03/19, 13:44:59.912, 7027288186666, vstest.console.dll, ParallelOperationManager.StartWork: Starting adding 1 workloads.
TpTrace Verbose: 0 : 35452, 1, 2024/03/19, 13:44:59.912, 7027288189108, vstest.console.dll, ParallelOperationManager.ClearSlots: Clearing all slots. Slots should accept more work: True
TpTrace Verbose: 0 : 35452, 1, 2024/03/19, 13:44:59.912, 7027288191277, vstest.console.dll, ParallelOperationManager.SetOccupiedSlotCount: Setting slot counts AvailableSlotCount = 3, OccupiedSlotCount = 0.
TpTrace Verbose: 0 : 35452, 1, 2024/03/19, 13:44:59.912, 7027288192607, vstest.console.dll, Occupied slots:

TpTrace Verbose: 0 : 35452, 1, 2024/03/19, 13:44:59.917, 7027288235022, vstest.console.dll, TestRequestSender is acting as server.
TpTrace Verbose: 0 : 35452, 1, 2024/03/19, 13:44:59.920, 7027288270916, vstest.console.dll, ParallelOperationManager.RunWorkInParallel: Adding 1 workload to slot, remaining workloads 0.
TpTrace Verbose: 0 : 35452, 1, 2024/03/19, 13:44:59.921, 7027288273741, vstest.console.dll, ParallelOperationManager.SetOccupiedSlotCount: Setting slot counts AvailableSlotCount = 2, OccupiedSlotCount = 1.
TpTrace Verbose: 0 : 35452, 1, 2024/03/19, 13:44:59.921, 7027288278379, vstest.console.dll, Occupied slots:
0: C:\Users\Yassir.JERRARI\source\repos\NetWorkUnity\NetWorkUnityTest\bin\Debug\net8.0\fine-code-coverage\build-output\NetWorkUnityTest.dll
TpTrace Verbose: 0 : 35452, 1, 2024/03/19, 13:44:59.924, 7027288311021, vstest.console.dll, ParallelOperationManager.RunWorkInParallel: Started host in slot number 0 for work (source): C:\Users\Yassir.JERRARI\source\repos\NetWorkUnity\NetWorkUnityTest\bin\Debug\net8.0\fine-code-coverage\build-output\NetWorkUnityTest.dll.
TpTrace Verbose: 0 : 35452, 1, 2024/03/19, 13:44:59.927, 7027288334921, vstest.console.dll, ParallelOperationManager.RunWorkInParallel: We started 1 work items, which is the max parallel level. Won't start more work.
TpTrace Verbose: 0 : 35452, 1, 2024/03/19, 13:44:59.927, 7027288337094, vstest.console.dll, ParallelOperationManager.RunWorkInParallel: We started 1 work items in here, returning True.
TpTrace Information: 0 : 35452, 1, 2024/03/19, 13:44:59.927, 7027288338497, vstest.console.dll, TestRunRequest.ExecuteAsync: Started.
TpTrace Verbose: 0 : 35452, 5, 2024/03/19, 13:44:59.927, 7027288339780, vstest.console.dll, ParallelProxyExecutionManager.StartTestRunOnConcurrentManager: Initializing uninitialized client. Started clients: 0
TpTrace Verbose: 0 : 35452, 5, 2024/03/19, 13:44:59.928, 7027288345326, vstest.console.dll, DataCollectionRequestSender.InitializeCommunication : Initialize communication. 
TpTrace Verbose: 0 : 35452, 1, 2024/03/19, 13:44:59.929, 7027288358013, vstest.console.dll, TestRunRequest.WaitForCompletion: Waiting with timeout -1.
TpTrace Information: 0 : 35452, 5, 2024/03/19, 13:44:59.962, 7027288687577, vstest.console.dll, Listening on Endpoint : 127.0.0.1:56336
TpTrace Verbose: 0 : 35452, 5, 2024/03/19, 13:44:59.984, 7027288908307, vstest.console.dll, DotnetDataCollectionLauncher: Adding  --runtimeconfig "C:\Program Files\dotnet\sdk\8.0.200\datacollector.runtimeconfig.json" in args
TpTrace Verbose: 0 : 35452, 5, 2024/03/19, 13:44:59.985, 7027288919102, vstest.console.dll, DotnetDataCollectionLauncher: Adding  --depsfile "C:\Program Files\dotnet\sdk\8.0.200\datacollector.deps.json" in args
TpTrace Verbose: 0 : 35452, 5, 2024/03/19, 13:44:59.986, 7027288926131, vstest.console.dll, DotnetDataCollectionLauncher: Full path of dotnet.exe is C:\Program Files\dotnet\dotnet.exe
TpTrace Information: 0 : 35452, 5, 2024/03/19, 13:45:00.060, 7027289672258, vstest.console.dll, ProxyDataCollectionManager.Initialize: Launched datacollector processId: 17224 port: 56336
TpTrace Information: 0 : 35452, 5, 2024/03/19, 13:45:00.061, 7027289679691, vstest.console.dll, ProxyDataCollectionManager.Initialize: waiting for connection with timeout: 90 seconds
TpTrace Verbose: 0 : 35452, 5, 2024/03/19, 13:45:00.061, 7027289683187, vstest.console.dll, DataCollectionRequestSender.WaitForRequestHandlerConnection : Waiting for connection with timeout: 90000
TpTrace Verbose: 0 : 35452, 5, 2024/03/19, 13:45:00.604, 7027295107615, vstest.console.dll, SocketCommunicationManager.WaitForClientConnection took: 542 ms, with 90000 ms timeout, and finished with True.
TpTrace Information: 0 : 35452, 7, 2024/03/19, 13:45:00.604, 7027295107525, vstest.console.dll, Using the buffer size of 16384 bytes
TpTrace Information: 0 : 35452, 7, 2024/03/19, 13:45:00.604, 7027295112042, vstest.console.dll, Accepted Client request and set the flag
TpTrace Verbose: 0 : 35452, 5, 2024/03/19, 13:45:00.604, 7027295112051, vstest.console.dll, ProxyDataCollectionManager.InvokeDataCollectionServiceAction: Starting.
TpTrace Information: 0 : 35452, 5, 2024/03/19, 13:45:00.605, 7027295115315, vstest.console.dll, ProxyDataCollectionManager.BeforeTestRunStart: Get environment variable and port for datacollector processId: 17224 port: 56336
TpTrace Verbose: 0 : 35452, 5, 2024/03/19, 13:45:00.605, 7027295117968, vstest.console.dll, DataCollectionRequestSender.SendBeforeTestRunStartAndGetResult: Send BeforeTestRunStart message with settingsXml <RunSettings><RunConfiguration><ResultsDirectory>C:\Users\Yassir.JERRARI\source\repos\NetWorkUnity\NetWorkUnityTest\bin\Debug\net8.0\fine-code-coverage\coverage-tool-output</ResultsDirectory><TargetPlatform>X64</TargetPlatform><TargetFrameworkVersion>.NETCoreApp,Version=v8.0</TargetFrameworkVersion><DesignMode>False</DesignMode><CollectSourceInformation>False</CollectSourceInformation><TestAdaptersPaths>C:\Program Files\dotnet\sdk\8.0.200\Extensions</TestAdaptersPaths></RunConfiguration><LoggerRunSettings><Loggers><Logger friendlyName="blame" enabled="True" /><Logger friendlyName="Console" uri="logger://microsoft/TestPlatform/ConsoleLogger/v1" assemblyQualifiedName="Microsoft.VisualStudio.TestPlatform.CommandLine.Internal.ConsoleLogger, vstest.console, Version=15.0.0.0, Culture=neutral, PublicKeyToken=b03f5f7f11d50a3a" codeBase="C:\Program Files\dotnet\sdk\8.0.200\vstest.console.dll" enabled="True" /></Loggers></LoggerRunSettings><DataCollectionRunSettings><DataCollectors><DataCollector friendlyName="blame" enabled="True"><Configuration><ResultsDirectory>C:\Users\Yassir.JERRARI\source\repos\NetWorkUnity\NetWorkUnityTest\bin\Debug\net8.0\fine-code-coverage\coverage-tool-output</ResultsDirectory></Configuration></DataCollector></DataCollectors></DataCollectionRunSettings></RunSettings> and sources System.Collections.Generic.List`1[System.String]: 
TpTrace Verbose: 0 : 35452, 5, 2024/03/19, 13:45:00.743, 7027296498961, vstest.console.dll, DataCollectionRequestSender.SendBeforeTestRunStartAndGetResult: Received message: (DataCollection.SendMessage) -> {"MessageType":"DataCollection.SendMessage","Payload":{"FriendlyName":null,"Uri":null,"TestCaseId":"00000000-0000-0000-0000-000000000000","Message":"Logging DataCollector Diagnostics in file: C:\\Users\\Yassir.JERRARI\\source\\repos\\NetWorkUnity\\NetWorkUnityTest\\bin\\Debug\\net8.0\\fine-code-coverage\\coverage-tool-output\\diagnostics.datacollector.24-03-19_13-44-59_98298_5.log","Level":0}}
TpTrace Verbose: 0 : 35452, 5, 2024/03/19, 13:45:01.029, 7027299361510, vstest.console.dll, DataCollectionRequestSender.SendBeforeTestRunStartAndGetResult: Received message: (DataCollection.BeforeTestRunStartResult) -> {"MessageType":"DataCollection.BeforeTestRunStartResult","Payload":{"EnvironmentVariables":{},"DataCollectionEventsPort":56338}}
TpTrace Information: 0 : 35452, 5, 2024/03/19, 13:45:01.037, 7027299433706, vstest.console.dll, ProxyDataCollectionManager.BeforeTestRunStart: SendBeforeTestRunStartAndGetResult successful, env variable from datacollector:   and testhost port: 56338
TpTrace Information: 0 : 35452, 5, 2024/03/19, 13:45:01.037, 7027299435270, vstest.console.dll, ProxyDataCollectionManager.InvokeDataCollectionServiceAction: Completed.
TpTrace Verbose: 0 : 35452, 5, 2024/03/19, 13:45:01.037, 7027299436238, vstest.console.dll, ParallelProxyExecutionManager.StartTestRunOnConcurrentManager: Initializing test run. Started clients: 0
TpTrace Verbose: 0 : 35452, 5, 2024/03/19, 13:45:01.037, 7027299437709, vstest.console.dll, ProxyExecutionManager: Test host is always Lazy initialize.
TpTrace Verbose: 0 : 35452, 5, 2024/03/19, 13:45:01.037, 7027299441259, vstest.console.dll, TestRequestSender.InitializeCommunication: initialize communication. 
TpTrace Information: 0 : 35452, 5, 2024/03/19, 13:45:01.039, 7027299454237, vstest.console.dll, SocketServer.Start: Listening on endpoint : 127.0.0.1:56339
TpTrace Verbose: 0 : 35452, 5, 2024/03/19, 13:45:01.040, 7027299468000, vstest.console.dll, DotnetTestHostmanager.GetTestHostProcessStartInfo: Platform environment 'X64' target architecture 'X64' framework '.NETCoreApp,Version=v8.0' OS 'Windows'
TpTrace Verbose: 0 : 35452, 5, 2024/03/19, 13:45:01.041, 7027299477278, vstest.console.dll, DotnetTestHostmanager: Adding  --runtimeconfig "C:\Users\Yassir.JERRARI\source\repos\NetWorkUnity\NetWorkUnityTest\bin\Debug\net8.0\fine-code-coverage\build-output\NetWorkUnityTest.runtimeconfig.json" in args
TpTrace Verbose: 0 : 35452, 5, 2024/03/19, 13:45:01.041, 7027299481508, vstest.console.dll, DotnetTestHostmanager: Adding  --depsfile "C:\Users\Yassir.JERRARI\source\repos\NetWorkUnity\NetWorkUnityTest\bin\Debug\net8.0\fine-code-coverage\build-output\NetWorkUnityTest.deps.json" in args
TpTrace Verbose: 0 : 35452, 5, 2024/03/19, 13:45:01.042, 7027299486993, vstest.console.dll, DotnetTestHostmanager.IsWinOnArm: Current PROCESSOR_ARCHITECTURE from environment variable 'AMD64'
TpTrace Verbose: 0 : 35452, 5, 2024/03/19, 13:45:01.042, 7027299488866, vstest.console.dll, DotnetTestHostmanager.IsWinOnArm: Is Windows on ARM 'False'
TpTrace Verbose: 0 : 35452, 5, 2024/03/19, 13:45:01.042, 7027299491538, vstest.console.dll, DotnetTestHostManager: testhost.exe found at path: C:\Users\Yassir.JERRARI\source\repos\NetWorkUnity\NetWorkUnityTest\bin\Debug\net8.0\fine-code-coverage\build-output\testhost.exe
TpTrace Verbose: 0 : 35452, 5, 2024/03/19, 13:45:01.042, 7027299492812, vstest.console.dll, DotnetTestHostmanager: Full path of host exe is C:\Users\Yassir.JERRARI\source\repos\NetWorkUnity\NetWorkUnityTest\bin\Debug\net8.0\fine-code-coverage\build-output\testhost.exe
TpTrace Verbose: 0 : 35452, 5, 2024/03/19, 13:45:01.043, 7027299496102, vstest.console.dll, DotnetTestHostmanager.LaunchTestHostAsync: Found 'VSTEST_WINAPPHOST_DOTNET_ROOT' in env variables, value 'C:\Program Files\dotnet', forwarding to 'DOTNET_ROOT'
TpTrace Verbose: 0 : 35452, 5, 2024/03/19, 13:45:01.043, 7027299499596, vstest.console.dll, DotnetTestHostManager: Starting process 'C:\Users\Yassir.JERRARI\source\repos\NetWorkUnity\NetWorkUnityTest\bin\Debug\net8.0\fine-code-coverage\build-output\testhost.exe' with command line ' --runtimeconfig "C:\Users\Yassir.JERRARI\source\repos\NetWorkUnity\NetWorkUnityTest\bin\Debug\net8.0\fine-code-coverage\build-output\NetWorkUnityTest.runtimeconfig.json" --depsfile "C:\Users\Yassir.JERRARI\source\repos\NetWorkUnity\NetWorkUnityTest\bin\Debug\net8.0\fine-code-coverage\build-output\NetWorkUnityTest.deps.json" --port 56339 --endpoint 127.0.0.1:056339 --role client --parentprocessid 35452 --diag "C:\Users\Yassir.JERRARI\source\repos\NetWorkUnity\NetWorkUnityTest\bin\Debug\net8.0\fine-code-coverage\coverage-tool-output\diagnostics.host.24-03-19_13-45-01_03993_5.log" --tracelevel 4 --datacollectionport 56338 --telemetryoptedin false'
TpTrace Verbose: 0 : 35452, 5, 2024/03/19, 13:45:01.146, 7027300525977, vstest.console.dll, MulticastDelegateUtilities.SafeInvoke: HostProviderEvents.OnHostLaunched: Invoking callback 1/2 for Microsoft.VisualStudio.TestPlatform.CrossPlatEngine.Client.ProxyExecutionManagerWithDataCollection., took 1 ms.
TpTrace Verbose: 0 : 35452, 5, 2024/03/19, 13:45:01.146, 7027300532034, vstest.console.dll, Test Runtime launched
TpTrace Verbose: 0 : 35452, 5, 2024/03/19, 13:45:01.147, 7027300534311, vstest.console.dll, MulticastDelegateUtilities.SafeInvoke: HostProviderEvents.OnHostLaunched: Invoking callback 2/2 for Microsoft.VisualStudio.TestPlatform.CrossPlatEngine.Client.ProxyOperationManager., took 0 ms.
TpTrace Verbose: 0 : 35452, 5, 2024/03/19, 13:45:01.147, 7027300537625, vstest.console.dll, TestRequestSender.WaitForRequestHandlerConnection: waiting for connection with timeout: 90000.
TpTrace Verbose: 0 : 35452, 5, 2024/03/19, 13:45:02.082, 7027309887029, vstest.console.dll, TestRequestSender.WaitForRequestHandlerConnection: waiting took 934 ms, with timeout 90000 ms, and result 0, which is success.
TpTrace Verbose: 0 : 35452, 7, 2024/03/19, 13:45:02.082, 7027309887027, vstest.console.dll, MulticastDelegateUtilities.SafeInvoke: SocketServer: ClientConnected: Invoking callback 1/1 for Microsoft.VisualStudio.TestPlatform.CommunicationUtilities.TestRequestSender., took 0 ms.
TpTrace Verbose: 0 : 35452, 7, 2024/03/19, 13:45:02.082, 7027309890461, vstest.console.dll, SocketServer.OnClientConnected: Client connected for endPoint: 127.0.0.1:56339, starting MessageLoopAsync:
TpTrace Verbose: 0 : 35452, 7, 2024/03/19, 13:45:02.083, 7027309899972, vstest.console.dll, TcpClientExtensions.MessageLoopAsync: Polling on remoteEndPoint: 127.0.0.1:56342 localEndPoint: 127.0.0.1:56339 after 0 ms
TpTrace Verbose: 0 : 35452, 5, 2024/03/19, 13:45:02.084, 7027309909903, vstest.console.dll, TestRequestSender.CheckVersionWithTestHost: Sending check version message: {"MessageType":"ProtocolVersion","Payload":7}
TpTrace Verbose: 0 : 35452, 7, 2024/03/19, 13:45:02.346, 7027312531607, vstest.console.dll, TcpClientExtensions.MessageLoopAsync: NotifyDataAvailable remoteEndPoint: 127.0.0.1:56342 localEndPoint: 127.0.0.1:56339
TpTrace Verbose: 0 : 35452, 7, 2024/03/19, 13:45:02.347, 7027312539576, vstest.console.dll, TestRequestSender.CheckVersionWithTestHost: onMessageReceived received message: (ProtocolVersion) -> {"MessageType":"ProtocolVersion","Payload":7}
TpTrace Verbose: 0 : 35452, 7, 2024/03/19, 13:45:02.349, 7027312558858, vstest.console.dll, MulticastDelegateUtilities.SafeInvoke: LengthPrefixCommunicationChannel: MessageReceived: Invoking callback 1/1 for Microsoft.VisualStudio.TestPlatform.CommunicationUtilities.TestRequestSender+<>c__DisplayClass29_0., took 1 ms.
TpTrace Verbose: 0 : 35452, 7, 2024/03/19, 13:45:02.350, 7027312563236, vstest.console.dll, TcpClientExtensions.MessageLoopAsync: Polling on remoteEndPoint: 127.0.0.1:56342 localEndPoint: 127.0.0.1:56339 after 266 ms
TpTrace Verbose: 0 : 35452, 5, 2024/03/19, 13:45:02.350, 7027312563325, vstest.console.dll, TestPluginCache.GetExtensionPaths: Filtered extension paths: 
TpTrace Verbose: 0 : 35452, 5, 2024/03/19, 13:45:02.350, 7027312565899, vstest.console.dll, TestPluginCache.GetExtensionPaths: Added default extension paths: C:\Program Files\dotnet\sdk\8.0.200\Extensions\Microsoft.Diagnostics.NETCore.Client.dll
C:\Program Files\dotnet\sdk\8.0.200\Extensions\Microsoft.TestPlatform.Extensions.BlameDataCollector.dll
C:\Program Files\dotnet\sdk\8.0.200\Extensions\Microsoft.TestPlatform.Extensions.EventLogCollector.dll
C:\Program Files\dotnet\sdk\8.0.200\Extensions\Microsoft.TestPlatform.TestHostRuntimeProvider.dll
C:\Program Files\dotnet\sdk\8.0.200\Extensions\Microsoft.VisualStudio.TestPlatform.Extensions.Html.TestLogger.dll
C:\Program Files\dotnet\sdk\8.0.200\Extensions\Microsoft.VisualStudio.TestPlatform.Extensions.Trx.TestLogger.dll
TpTrace Verbose: 0 : 35452, 5, 2024/03/19, 13:45:02.350, 7027312566682, vstest.console.dll, TestPluginCache.GetExtensionPaths: Added unfilterableExtensionPaths: 
TpTrace Verbose: 0 : 35452, 5, 2024/03/19, 13:45:02.358, 7027312646435, vstest.console.dll, TestRequestSender.InitializeExecution: Sending initialize execution with message: {"Version":7,"MessageType":"TestExecution.Initialize","Payload":["C:\\Users\\Yassir.JERRARI\\source\\repos\\NetWorkUnity\\NetWorkUnityTest\\bin\\Debug\\net8.0\\fine-code-coverage\\build-output\\xunit.runner.visualstudio.dotnetcore.testadapter.dll"]}
TpTrace Verbose: 0 : 35452, 5, 2024/03/19, 13:45:02.358, 7027312651124, vstest.console.dll, ParallelProxyExecutionManager.StartTestRunOnConcurrentManager: Execution starting. Started clients: 1
TpTrace Verbose: 0 : 35452, 5, 2024/03/19, 13:45:02.359, 7027312657199, vstest.console.dll, TestRunRequest:SendTestRunMessage: Starting.
TpTrace Verbose: 0 : 35452, 5, 2024/03/19, 13:45:02.359, 7027312660767, vstest.console.dll, MulticastDelegateUtilities.SafeInvoke: TestRun.LogMessages: Invoking callback 1/1 for Microsoft.VisualStudio.TestPlatform.CommandLine.TestRunResultAggregator., took 0 ms.
TpTrace Information: 0 : 35452, 5, 2024/03/19, 13:45:02.359, 7027312662321, vstest.console.dll, TestRunRequest:SendTestRunMessage: Completed.
TpTrace Verbose: 0 : 35452, 4, 2024/03/19, 13:45:02.360, 7027312664104, vstest.console.dll, MulticastDelegateUtilities.SafeInvoke: InternalTestLoggerEvents.SendTestRunMessage: Invoking callback 1/1 for Microsoft.VisualStudio.TestPlatform.CommandLine.Internal.ConsoleLogger., took 0 ms.
TpTrace Warning: 0 : 35452, 5, 2024/03/19, 13:45:02.360, 7027312671615, vstest.console.dll, InferRunSettingsHelper.MakeRunsettingsCompatible: Removing the following settings: TargetPlatform from RunSettings file. To use those settings please move to latest version of Microsoft.NET.Test.Sdk
TpTrace Verbose: 0 : 35452, 7, 2024/03/19, 13:45:02.363, 7027312695376, vstest.console.dll, TcpClientExtensions.MessageLoopAsync: NotifyDataAvailable remoteEndPoint: 127.0.0.1:56342 localEndPoint: 127.0.0.1:56339
TpTrace Verbose: 0 : 35452, 7, 2024/03/19, 13:45:02.363, 7027312701882, vstest.console.dll, TestRequestSender.OnExecutionMessageReceived: Received message: {"Version":7,"MessageType":"TestSession.Message","Payload":{"MessageLevel":0,"Message":"Logging TestHost Diagnostics in file: C:\\Users\\Yassir.JERRARI\\source\\repos\\NetWorkUnity\\NetWorkUnityTest\\bin\\Debug\\net8.0\\fine-code-coverage\\coverage-tool-output\\diagnostics.host.24-03-19_13-45-01_03993_5.log"}}
TpTrace Verbose: 0 : 35452, 7, 2024/03/19, 13:45:02.369, 7027312756907, vstest.console.dll, TestRunRequest:SendTestRunMessage: Starting.
TpTrace Verbose: 0 : 35452, 7, 2024/03/19, 13:45:02.369, 7027312759945, vstest.console.dll, MulticastDelegateUtilities.SafeInvoke: TestRun.LogMessages: Invoking callback 1/1 for Microsoft.VisualStudio.TestPlatform.CommandLine.TestRunResultAggregator., took 0 ms.
TpTrace Verbose: 0 : 35452, 4, 2024/03/19, 13:45:02.369, 7027312760152, vstest.console.dll, MulticastDelegateUtilities.SafeInvoke: InternalTestLoggerEvents.SendTestRunMessage: Invoking callback 1/1 for Microsoft.VisualStudio.TestPlatform.CommandLine.Internal.ConsoleLogger., took 0 ms.
TpTrace Information: 0 : 35452, 7, 2024/03/19, 13:45:02.369, 7027312761216, vstest.console.dll, TestRunRequest:SendTestRunMessage: Completed.
TpTrace Verbose: 0 : 35452, 7, 2024/03/19, 13:45:02.370, 7027312763811, vstest.console.dll, MulticastDelegateUtilities.SafeInvoke: LengthPrefixCommunicationChannel: MessageReceived: Invoking callback 1/1 for Microsoft.VisualStudio.TestPlatform.CommunicationUtilities.TestRequestSender+<>c__DisplayClass34_0., took 6 ms.
TpTrace Verbose: 0 : 35452, 7, 2024/03/19, 13:45:02.370, 7027312764993, vstest.console.dll, TcpClientExtensions.MessageLoopAsync: Polling on remoteEndPoint: 127.0.0.1:56342 localEndPoint: 127.0.0.1:56339 after 20 ms
TpTrace Verbose: 0 : 35452, 5, 2024/03/19, 13:45:02.375, 7027312818665, vstest.console.dll, TestRequestSender.StartTestRun: Sending test run with message: {"Version":7,"MessageType":"TestExecution.StartWithSources","Payload":{"AdapterSourceMap":{"_none_":["C:\\Users\\Yassir.JERRARI\\source\\repos\\NetWorkUnity\\NetWorkUnityTest\\bin\\Debug\\net8.0\\fine-code-coverage\\build-output\\NetWorkUnityTest.dll"]},"RunSettings":"<RunSettings>\r\n  <RunConfiguration>\r\n    <ResultsDirectory>C:\\Users\\Yassir.JERRARI\\source\\repos\\NetWorkUnity\\NetWorkUnityTest\\bin\\Debug\\net8.0\\fine-code-coverage\\coverage-tool-output</ResultsDirectory>\r\n    <TargetFrameworkVersion>.NETCoreApp,Version=v8.0</TargetFrameworkVersion>\r\n    <DesignMode>False</DesignMode>\r\n    <CollectSourceInformation>False</CollectSourceInformation>\r\n  </RunConfiguration>\r\n  <LoggerRunSettings>\r\n    <Loggers>\r\n      <Logger friendlyName=\"blame\" enabled=\"True\" />\r\n      <Logger friendlyName=\"Console\" uri=\"logger://microsoft/TestPlatform/ConsoleLogger/v1\" assemblyQualifiedName=\"Microsoft.VisualStudio.TestPlatform.CommandLine.Internal.ConsoleLogger, vstest.console, Version=15.0.0.0, Culture=neutral, PublicKeyToken=b03f5f7f11d50a3a\" codeBase=\"C:\\Program Files\\dotnet\\sdk\\8.0.200\\vstest.console.dll\" enabled=\"True\" />\r\n    </Loggers>\r\n  </LoggerRunSettings>\r\n  <DataCollectionRunSettings>\r\n    <DataCollectors>\r\n      <DataCollector friendlyName=\"blame\" enabled=\"True\">\r\n        <Configuration>\r\n          <ResultsDirectory>C:\\Users\\Yassir.JERRARI\\source\\repos\\NetWorkUnity\\NetWorkUnityTest\\bin\\Debug\\net8.0\\fine-code-coverage\\coverage-tool-output</ResultsDirectory>\r\n        </Configuration>\r\n      </DataCollector>\r\n    </DataCollectors>\r\n  </DataCollectionRunSettings>\r\n</RunSettings>","TestExecutionContext":{"FrequencyOfRunStatsChangeEvent":10,"RunStatsChangeEventTimeout":"00:00:01.5000000","InIsolation":false,"KeepAlive":false,"AreTestCaseLevelEventsRequired":false,"IsDebug":false,"TestCaseFilter":null,"FilterOptions":null},"Package":null}}
TpTrace Verbose: 0 : 35452, 5, 2024/03/19, 13:45:02.375, 7027312822315, vstest.console.dll, ParallelProxyExecutionManager.StartTestRunOnConcurrentManager: Execution started. Started clients: 1
TpTrace Verbose: 0 : 35452, 7, 2024/03/19, 13:45:02.997, 7027319042480, vstest.console.dll, TcpClientExtensions.MessageLoopAsync: NotifyDataAvailable remoteEndPoint: 127.0.0.1:56342 localEndPoint: 127.0.0.1:56339
TpTrace Verbose: 0 : 35452, 7, 2024/03/19, 13:45:02.998, 7027319045470, vstest.console.dll, TestRequestSender.OnExecutionMessageReceived: Received message: {"Version":7,"MessageType":"TestSession.Message","Payload":{"MessageLevel":0,"Message":"[xUnit.net 00:00:00.00] xUnit.net VSTest Adapter v2.5.3.1+6b60a9e56a (64-bit .NET 8.0.2)"}}
TpTrace Verbose: 0 : 35452, 7, 2024/03/19, 13:45:02.998, 7027319050175, vstest.console.dll, TestRunRequest:SendTestRunMessage: Starting.
TpTrace Verbose: 0 : 35452, 7, 2024/03/19, 13:45:02.998, 7027319051744, vstest.console.dll, MulticastDelegateUtilities.SafeInvoke: TestRun.LogMessages: Invoking callback 1/1 for Microsoft.VisualStudio.TestPlatform.CommandLine.TestRunResultAggregator., took 0 ms.
TpTrace Verbose: 0 : 35452, 4, 2024/03/19, 13:45:02.998, 7027319052051, vstest.console.dll, MulticastDelegateUtilities.SafeInvoke: InternalTestLoggerEvents.SendTestRunMessage: Invoking callback 1/1 for Microsoft.VisualStudio.TestPlatform.CommandLine.Internal.ConsoleLogger., took 0 ms.
TpTrace Information: 0 : 35452, 7, 2024/03/19, 13:45:02.998, 7027319052715, vstest.console.dll, TestRunRequest:SendTestRunMessage: Completed.
TpTrace Verbose: 0 : 35452, 7, 2024/03/19, 13:45:02.999, 7027319055069, vstest.console.dll, MulticastDelegateUtilities.SafeInvoke: LengthPrefixCommunicationChannel: MessageReceived: Invoking callback 1/1 for Microsoft.VisualStudio.TestPlatform.CommunicationUtilities.TestRequestSender+<>c__DisplayClass34_0., took 0 ms.
TpTrace Verbose: 0 : 35452, 7, 2024/03/19, 13:45:02.999, 7027319056338, vstest.console.dll, TcpClientExtensions.MessageLoopAsync: Polling on remoteEndPoint: 127.0.0.1:56342 localEndPoint: 127.0.0.1:56339 after 629 ms
TpTrace Verbose: 0 : 35452, 7, 2024/03/19, 13:45:03.962, 7027328689391, vstest.console.dll, TcpClientExtensions.MessageLoopAsync: NotifyDataAvailable remoteEndPoint: 127.0.0.1:56342 localEndPoint: 127.0.0.1:56339
TpTrace Verbose: 0 : 35452, 7, 2024/03/19, 13:45:03.963, 7027328694735, vstest.console.dll, TestRequestSender.OnExecutionMessageReceived: Received message: {"Version":7,"MessageType":"TestSession.Message","Payload":{"MessageLevel":0,"Message":"[xUnit.net 00:00:00.97]   Discovering: NetWorkUnityTest"}}
TpTrace Verbose: 0 : 35452, 7, 2024/03/19, 13:45:03.963, 7027328699854, vstest.console.dll, TestRunRequest:SendTestRunMessage: Starting.
TpTrace Verbose: 0 : 35452, 7, 2024/03/19, 13:45:03.963, 7027328702207, vstest.console.dll, MulticastDelegateUtilities.SafeInvoke: TestRun.LogMessages: Invoking callback 1/1 for Microsoft.VisualStudio.TestPlatform.CommandLine.TestRunResultAggregator., took 0 ms.
TpTrace Information: 0 : 35452, 7, 2024/03/19, 13:45:03.964, 7027328703477, vstest.console.dll, TestRunRequest:SendTestRunMessage: Completed.
TpTrace Verbose: 0 : 35452, 4, 2024/03/19, 13:45:03.964, 7027328703136, vstest.console.dll, MulticastDelegateUtilities.SafeInvoke: InternalTestLoggerEvents.SendTestRunMessage: Invoking callback 1/1 for Microsoft.VisualStudio.TestPlatform.CommandLine.Internal.ConsoleLogger., took 0 ms.
TpTrace Verbose: 0 : 35452, 7, 2024/03/19, 13:45:03.964, 7027328704787, vstest.console.dll, MulticastDelegateUtilities.SafeInvoke: LengthPrefixCommunicationChannel: MessageReceived: Invoking callback 1/1 for Microsoft.VisualStudio.TestPlatform.CommunicationUtilities.TestRequestSender+<>c__DisplayClass34_0., took 1 ms.
TpTrace Verbose: 0 : 35452, 7, 2024/03/19, 13:45:03.964, 7027328710788, vstest.console.dll, TcpClientExtensions.MessageLoopAsync: Polling on remoteEndPoint: 127.0.0.1:56342 localEndPoint: 127.0.0.1:56339 after 965 ms
TpTrace Verbose: 0 : 35452, 7, 2024/03/19, 13:45:04.167, 7027330736704, vstest.console.dll, TcpClientExtensions.MessageLoopAsync: NotifyDataAvailable remoteEndPoint: 127.0.0.1:56342 localEndPoint: 127.0.0.1:56339
TpTrace Verbose: 0 : 35452, 7, 2024/03/19, 13:45:04.167, 7027330739032, vstest.console.dll, TestRequestSender.OnExecutionMessageReceived: Received message: {"Version":7,"MessageType":"TestSession.Message","Payload":{"MessageLevel":0,"Message":"[xUnit.net 00:00:01.17]   Discovered:  NetWorkUnityTest"}}
TpTrace Verbose: 0 : 35452, 7, 2024/03/19, 13:45:04.167, 7027330741546, vstest.console.dll, TestRunRequest:SendTestRunMessage: Starting.
TpTrace Verbose: 0 : 35452, 7, 2024/03/19, 13:45:04.167, 7027330742625, vstest.console.dll, MulticastDelegateUtilities.SafeInvoke: TestRun.LogMessages: Invoking callback 1/1 for Microsoft.VisualStudio.TestPlatform.CommandLine.TestRunResultAggregator., took 0 ms.
TpTrace Information: 0 : 35452, 7, 2024/03/19, 13:45:04.168, 7027330743438, vstest.console.dll, TestRunRequest:SendTestRunMessage: Completed.
TpTrace Verbose: 0 : 35452, 4, 2024/03/19, 13:45:04.168, 7027330743121, vstest.console.dll, MulticastDelegateUtilities.SafeInvoke: InternalTestLoggerEvents.SendTestRunMessage: Invoking callback 1/1 for Microsoft.VisualStudio.TestPlatform.CommandLine.Internal.ConsoleLogger., took 0 ms.
TpTrace Verbose: 0 : 35452, 7, 2024/03/19, 13:45:04.168, 7027330744061, vstest.console.dll, MulticastDelegateUtilities.SafeInvoke: LengthPrefixCommunicationChannel: MessageReceived: Invoking callback 1/1 for Microsoft.VisualStudio.TestPlatform.CommunicationUtilities.TestRequestSender+<>c__DisplayClass34_0., took 0 ms.
TpTrace Verbose: 0 : 35452, 7, 2024/03/19, 13:45:04.168, 7027330746831, vstest.console.dll, TcpClientExtensions.MessageLoopAsync: Polling on remoteEndPoint: 127.0.0.1:56342 localEndPoint: 127.0.0.1:56339 after 203 ms
TpTrace Verbose: 0 : 35452, 7, 2024/03/19, 13:45:04.173, 7027330794965, vstest.console.dll, TcpClientExtensions.MessageLoopAsync: NotifyDataAvailable remoteEndPoint: 127.0.0.1:56342 localEndPoint: 127.0.0.1:56339
TpTrace Verbose: 0 : 35452, 7, 2024/03/19, 13:45:04.173, 7027330797135, vstest.console.dll, TestRequestSender.OnExecutionMessageReceived: Received message: {"Version":7,"MessageType":"TestSession.Message","Payload":{"MessageLevel":0,"Message":"[xUnit.net 00:00:01.18]   Starting:    NetWorkUnityTest"}}
TpTrace Verbose: 0 : 35452, 7, 2024/03/19, 13:45:04.173, 7027330798943, vstest.console.dll, TestRunRequest:SendTestRunMessage: Starting.
TpTrace Verbose: 0 : 35452, 7, 2024/03/19, 13:45:04.173, 7027330800011, vstest.console.dll, MulticastDelegateUtilities.SafeInvoke: TestRun.LogMessages: Invoking callback 1/1 for Microsoft.VisualStudio.TestPlatform.CommandLine.TestRunResultAggregator., took 0 ms.
TpTrace Information: 0 : 35452, 7, 2024/03/19, 13:45:04.173, 7027330800586, vstest.console.dll, TestRunRequest:SendTestRunMessage: Completed.
TpTrace Verbose: 0 : 35452, 4, 2024/03/19, 13:45:04.173, 7027330800760, vstest.console.dll, MulticastDelegateUtilities.SafeInvoke: InternalTestLoggerEvents.SendTestRunMessage: Invoking callback 1/1 for Microsoft.VisualStudio.TestPlatform.CommandLine.Internal.ConsoleLogger., took 0 ms.
TpTrace Verbose: 0 : 35452, 7, 2024/03/19, 13:45:04.173, 7027330801158, vstest.console.dll, MulticastDelegateUtilities.SafeInvoke: LengthPrefixCommunicationChannel: MessageReceived: Invoking callback 1/1 for Microsoft.VisualStudio.TestPlatform.CommunicationUtilities.TestRequestSender+<>c__DisplayClass34_0., took 0 ms.
TpTrace Verbose: 0 : 35452, 7, 2024/03/19, 13:45:04.174, 7027330803446, vstest.console.dll, TcpClientExtensions.MessageLoopAsync: Polling on remoteEndPoint: 127.0.0.1:56342 localEndPoint: 127.0.0.1:56339 after 5 ms
TpTrace Verbose: 0 : 35452, 7, 2024/03/19, 13:45:04.362, 7027332692288, vstest.console.dll, TcpClientExtensions.MessageLoopAsync: NotifyDataAvailable remoteEndPoint: 127.0.0.1:56342 localEndPoint: 127.0.0.1:56339
TpTrace Verbose: 0 : 35452, 7, 2024/03/19, 13:45:04.363, 7027332696612, vstest.console.dll, TestRequestSender.OnExecutionMessageReceived: Received message: {"Version":7,"MessageType":"TestExecution.StatsChange","Payload":{"NewTestResults":[],"TestRunStatistics":{"ExecutedTests":0,"Stats":{}},"ActiveTests":[{"Id":"95c39545-13de-ec73-63de-19bfd47b9fcc","FullyQualifiedName":"NetWorkUnityTest.PingTest.NetWorkServiceTest.NetWorkService_LastPingDate_ReturnsDate","DisplayName":"NetWorkUnityTest.PingTest.NetWorkServiceTest.NetWorkService_LastPingDate_ReturnsDate","ExecutorUri":"executor://xunit/VsTestRunner2/netcoreapp","Source":"C:\\Users\\Yassir.JERRARI\\source\\repos\\NetWorkUnity\\NetWorkUnityTest\\bin\\Debug\\net8.0\\fine-code-coverage\\build-output\\NetWorkUnityTest.dll","CodeFilePath":null,"LineNumber":0,"Properties":[]}]}}
TpTrace Verbose: 0 : 35452, 7, 2024/03/19, 13:45:04.391, 7027332973909, vstest.console.dll, TestRunRequest:SendTestRunStatsChange: Starting.
TpTrace Verbose: 0 : 35452, 7, 2024/03/19, 13:45:04.391, 7027332976501, vstest.console.dll, InProgress is NetWorkUnityTest.PingTest.NetWorkServiceTest.NetWorkService_LastPingDate_ReturnsDate
TpTrace Verbose: 0 : 35452, 7, 2024/03/19, 13:45:04.391, 7027332979184, vstest.console.dll, MulticastDelegateUtilities.SafeInvoke: TestRun.RunStatsChanged: Invoking callbacks was skipped because there are no subscribers.
TpTrace Information: 0 : 35452, 7, 2024/03/19, 13:45:04.391, 7027332980432, vstest.console.dll, TestRunRequest:SendTestRunStatsChange: Completed.
TpTrace Verbose: 0 : 35452, 7, 2024/03/19, 13:45:04.391, 7027332981456, vstest.console.dll, MulticastDelegateUtilities.SafeInvoke: LengthPrefixCommunicationChannel: MessageReceived: Invoking callback 1/1 for Microsoft.VisualStudio.TestPlatform.CommunicationUtilities.TestRequestSender+<>c__DisplayClass34_0., took 28 ms.
TpTrace Verbose: 0 : 35452, 7, 2024/03/19, 13:45:04.391, 7027332982608, vstest.console.dll, TcpClientExtensions.MessageLoopAsync: Polling on remoteEndPoint: 127.0.0.1:56342 localEndPoint: 127.0.0.1:56339 after 217 ms
TpTrace Verbose: 0 : 35452, 7, 2024/03/19, 13:45:04.691, 7027335978179, vstest.console.dll, TcpClientExtensions.MessageLoopAsync: NotifyDataAvailable remoteEndPoint: 127.0.0.1:56342 localEndPoint: 127.0.0.1:56339
TpTrace Verbose: 0 : 35452, 7, 2024/03/19, 13:45:04.691, 7027335980239, vstest.console.dll, TestRequestSender.OnExecutionMessageReceived: Received message: {"Version":7,"MessageType":"TestSession.Message","Payload":{"MessageLevel":0,"Message":"[xUnit.net 00:00:01.70]   Finished:    NetWorkUnityTest"}}
TpTrace Verbose: 0 : 35452, 7, 2024/03/19, 13:45:04.691, 7027335981869, vstest.console.dll, TestRunRequest:SendTestRunMessage: Starting.
TpTrace Verbose: 0 : 35452, 7, 2024/03/19, 13:45:04.692, 7027335982713, vstest.console.dll, MulticastDelegateUtilities.SafeInvoke: TestRun.LogMessages: Invoking callback 1/1 for Microsoft.VisualStudio.TestPlatform.CommandLine.TestRunResultAggregator., took 0 ms.
TpTrace Verbose: 0 : 35452, 4, 2024/03/19, 13:45:04.692, 7027335983107, vstest.console.dll, MulticastDelegateUtilities.SafeInvoke: InternalTestLoggerEvents.SendTestRunMessage: Invoking callback 1/1 for Microsoft.VisualStudio.TestPlatform.CommandLine.Internal.ConsoleLogger., took 0 ms.
TpTrace Information: 0 : 35452, 7, 2024/03/19, 13:45:04.692, 7027335983226, vstest.console.dll, TestRunRequest:SendTestRunMessage: Completed.
TpTrace Verbose: 0 : 35452, 7, 2024/03/19, 13:45:04.692, 7027335985140, vstest.console.dll, MulticastDelegateUtilities.SafeInvoke: LengthPrefixCommunicationChannel: MessageReceived: Invoking callback 1/1 for Microsoft.VisualStudio.TestPlatform.CommunicationUtilities.TestRequestSender+<>c__DisplayClass34_0., took 0 ms.
TpTrace Verbose: 0 : 35452, 7, 2024/03/19, 13:45:04.692, 7027335985706, vstest.console.dll, TcpClientExtensions.MessageLoopAsync: Polling on remoteEndPoint: 127.0.0.1:56342 localEndPoint: 127.0.0.1:56339 after 300 ms
TpTrace Verbose: 0 : 35452, 7, 2024/03/19, 13:45:04.739, 7027336459809, vstest.console.dll, TcpClientExtensions.MessageLoopAsync: NotifyDataAvailable remoteEndPoint: 127.0.0.1:56342 localEndPoint: 127.0.0.1:56339
TpTrace Verbose: 0 : 35452, 7, 2024/03/19, 13:45:04.740, 7027336462771, vstest.console.dll, TestRequestSender.OnExecutionMessageReceived: Received message: {"Version":7,"MessageType":"TestExecution.Completed","Payload":{"TestRunCompleteArgs":{"TestRunStatistics":{"ExecutedTests":7,"Stats":{"Passed":7}},"IsCanceled":false,"IsAborted":false,"Error":null,"AttachmentSets":[],"InvokedDataCollectors":[],"ElapsedTimeInRunningTests":"00:00:01.7323145","Metrics":{},"DiscoveredExtensions":{"TestDiscoverers":["Xunit.Runner.VisualStudio.VsTestRunner, xunit.runner.visualstudio.dotnetcore.testadapter, Version=2.5.0.0, Culture=neutral, PublicKeyToken=null"],"TestExecutors":["executor://xunit/VsTestRunner2/netcoreapp"],"TestExecutors2":[],"TestSettingsProviders":[]}},"LastRunTests":{"NewTestResults":[{"TestCase":{"Id":"73fc4adb-5e1d-6701-eb9b-8ba25bb60003","FullyQualifiedName":"NetWorkUnityTest.UnitTest1.Test1","DisplayName":"NetWorkUnityTest.UnitTest1.Test1","ExecutorUri":"executor://xunit/VsTestRunner2/netcoreapp","Source":"C:\\Users\\Yassir.JERRARI\\source\\repos\\NetWorkUnity\\NetWorkUnityTest\\bin\\Debug\\net8.0\\fine-code-coverage\\build-output\\NetWorkUnityTest.dll","CodeFilePath":null,"LineNumber":0,"Properties":[]},"Attachments":[],"Outcome":1,"ErrorMessage":null,"ErrorStackTrace":null,"DisplayName":"NetWorkUnityTest.UnitTest1.Test1","Messages":[],"ComputerName":"AK48684","Duration":"00:00:00.0104935","StartTime":"2024-03-19T12:45:04.3706007+00:00","EndTime":"2024-03-19T12:45:04.3706604+00:00","Properties":[]},{"TestCase":{"Id":"95c39545-13de-ec73-63de-19bfd47b9fcc","FullyQualifiedName":"NetWorkUnityTest.PingTest.NetWorkServiceTest.NetWorkService_LastPingDate_ReturnsDate","DisplayName":"NetWorkUnityTest.PingTest.NetWorkServiceTest.NetWorkService_LastPingDate_ReturnsDate","ExecutorUri":"executor://xunit/VsTestRunner2/netcoreapp","Source":"C:\\Users\\Yassir.JERRARI\\source\\repos\\NetWorkUnity\\NetWorkUnityTest\\bin\\Debug\\net8.0\\fine-code-coverage\\build-output\\NetWorkUnityTest.dll","CodeFilePath":null,"LineNumber":0,"Properties":[]},"Attachments":[],"Outcome":1,"ErrorMessage":null,"ErrorStackTrace":null,"DisplayName":"NetWorkUnityTest.PingTest.NetWorkServiceTest.NetWorkService_LastPingDate_ReturnsDate","Messages":[],"ComputerName":"AK48684","Duration":"00:00:00.3057618","StartTime":"2024-03-19T12:45:04.5688812+00:00","EndTime":"2024-03-19T12:45:04.5688819+00:00","Properties":[]},{"TestCase":{"Id":"75481c8c-00dc-4bfe-1cfc-287dcb9a5e95","FullyQualifiedName":"NetWorkUnityTest.PingTest.NetWorkServiceTest.NetWorkService_PingTimeOut_ReturnsInt","DisplayName":"NetWorkUnityTest.PingTest.NetWorkServiceTest.NetWorkService_PingTimeOut_ReturnsInt(a: 2, b: 2, expected: 4)","ExecutorUri":"executor://xunit/VsTestRunner2/netcoreapp","Source":"C:\\Users\\Yassir.JERRARI\\source\\repos\\NetWorkUnity\\NetWorkUnityTest\\bin\\Debug\\net8.0\\fine-code-coverage\\build-output\\NetWorkUnityTest.dll","CodeFilePath":null,"LineNumber":0,"Properties":[]},"Attachments":[],"Outcome":1,"ErrorMessage":null,"ErrorStackTrace":null,"DisplayName":"NetWorkUnityTest.PingTest.NetWorkServiceTest.NetWorkService_PingTimeOut_ReturnsInt(a: 2, b: 2, expected: 4)","Messages":[],"ComputerName":"AK48684","Duration":"00:00:00.0055373","StartTime":"2024-03-19T12:45:04.5831923+00:00","EndTime":"2024-03-19T12:45:04.5831928+00:00","Properties":[]},{"TestCase":{"Id":"e6d69ec5-8541-e638-f47c-c5173b583d99","FullyQualifiedName":"NetWorkUnityTest.PingTest.NetWorkServiceTest.NetWorkService_PingTimeOut_ReturnsInt","DisplayName":"NetWorkUnityTest.PingTest.NetWorkServiceTest.NetWorkService_PingTimeOut_ReturnsInt(a: 1, b: 1, expected: 2)","ExecutorUri":"executor://xunit/VsTestRunner2/netcoreapp","Source":"C:\\Users\\Yassir.JERRARI\\source\\repos\\NetWorkUnity\\NetWorkUnityTest\\bin\\Debug\\net8.0\\fine-code-coverage\\build-output\\NetWorkUnityTest.dll","CodeFilePath":null,"LineNumber":0,"Properties":[]},"Attachments":[],"Outcome":1,"ErrorMessage":null,"ErrorStackTrace":null,"DisplayName":"NetWorkUnityTest.PingTest.NetWorkServiceTest.NetWorkService_PingTimeOut_ReturnsInt(a: 1, b: 1, expected: 2)","Messages":[],"ComputerName":"AK48684","Duration":"00:00:00.0009529","StartTime":"2024-03-19T12:45:04.5920252+00:00","EndTime":"2024-03-19T12:45:04.5920256+00:00","Properties":[]},{"TestCase":{"Id":"43794fc0-da07-0ca4-92f4-221c338a04cc","FullyQualifiedName":"NetWorkUnityTest.PingTest.NetWorkServiceTest.NetWorkService_PingTimeOut_ReturnsInt","DisplayName":"NetWorkUnityTest.PingTest.NetWorkServiceTest.NetWorkService_PingTimeOut_ReturnsInt(a: 3, b: 3, expected: 6)","ExecutorUri":"executor://xunit/VsTestRunner2/netcoreapp","Source":"C:\\Users\\Yassir.JERRARI\\source\\repos\\NetWorkUnity\\NetWorkUnityTest\\bin\\Debug\\net8.0\\fine-code-coverage\\build-output\\NetWorkUnityTest.dll","CodeFilePath":null,"LineNumber":0,"Properties":[]},"Attachments":[],"Outcome":1,"ErrorMessage":null,"ErrorStackTrace":null,"DisplayName":"NetWorkUnityTest.PingTest.NetWorkServiceTest.NetWorkService_PingTimeOut_ReturnsInt(a: 3, b: 3, expected: 6)","Messages":[],"ComputerName":"AK48684","Duration":"00:00:00.0000561","StartTime":"2024-03-19T12:45:04.6016454+00:00","EndTime":"2024-03-19T12:45:04.6016458+00:00","Properties":[]},{"TestCase":{"Id":"10165e41-2a51-75bf-e995-9dcaab9664f8","FullyQualifiedName":"NetWorkUnityTest.PingTest.NetWorkServiceTest.NetWorkService_SendPing_ReturnsString","DisplayName":"NetWorkUnityTest.PingTest.NetWorkServiceTest.NetWorkService_SendPing_ReturnsString","ExecutorUri":"executor://xunit/VsTestRunner2/netcoreapp","Source":"C:\\Users\\Yassir.JERRARI\\source\\repos\\NetWorkUnity\\NetWorkUnityTest\\bin\\Debug\\net8.0\\fine-code-coverage\\build-output\\NetWorkUnityTest.dll","CodeFilePath":null,"LineNumber":0,"Properties":[]},"Attachments":[],"Outcome":1,"ErrorMessage":null,"ErrorStackTrace":null,"DisplayName":"NetWorkUnityTest.PingTest.NetWorkServiceTest.NetWorkService_SendPing_ReturnsString","Messages":[],"ComputerName":"AK48684","Duration":"00:00:00.0151612","StartTime":"2024-03-19T12:45:04.6116637+00:00","EndTime":"2024-03-19T12:45:04.6116641+00:00","Properties":[]},{"TestCase":{"Id":"2bfc4ce6-e9d9-7929-2842-8aa9efb465d7","FullyQualifiedName":"NetWorkUnityTest.PingTest.NetWorkServiceTest.NetWorkService_GetPingOptions_ReturnsObject","DisplayName":"NetWorkUnityTest.PingTest.NetWorkServiceTest.NetWorkService_GetPingOptions_ReturnsObject","ExecutorUri":"executor://xunit/VsTestRunner2/netcoreapp","Source":"C:\\Users\\Yassir.JERRARI\\source\\repos\\NetWorkUnity\\NetWorkUnityTest\\bin\\Debug\\net8.0\\fine-code-coverage\\build-output\\NetWorkUnityTest.dll","CodeFilePath":null,"LineNumber":0,"Properties":[]},"Attachments":[],"Outcome":1,"ErrorMessage":null,"ErrorStackTrace":null,"DisplayName":"NetWorkUnityTest.PingTest.NetWorkServiceTest.NetWorkService_GetPingOptions_ReturnsObject","Messages":[],"ComputerName":"AK48684","Duration":"00:00:00.0906334","StartTime":"2024-03-19T12:45:04.6829662+00:00","EndTime":"2024-03-19T12:45:04.6829665+00:00","Properties":[]}],"TestRunStatistics":{"ExecutedTests":7,"Stats":{"Passed":7}},"ActiveTests":[]},"RunAttachments":[],"ExecutorUris":["executor://xunit/VsTestRunner2/netcoreapp"]}}
TpTrace Verbose: 0 : 35452, 7, 2024/03/19, 13:45:04.740, 7027336465359, vstest.console.dll, TestRequestSender.EndSession: Sending end session.
TpTrace Verbose: 0 : 35452, 7, 2024/03/19, 13:45:04.740, 7027336467726, vstest.console.dll, ProxyOperationManager.Close: waiting for test host to exit for 100 ms
TpTrace Verbose: 0 : 35452, 11, 2024/03/19, 13:45:04.760, 7027336672184, vstest.console.dll, TestHostManagerCallbacks.ctor: Experimental forwarding output is disabled.
TpTrace Warning: 0 : 35452, 11, 2024/03/19, 13:45:04.761, 7027336673454, vstest.console.dll, TestHostManagerCallbacks.ErrorReceivedCallback Test host standard error line: 
TpTrace Verbose: 0 : 35452, 11, 2024/03/19, 13:45:04.776, 7027336824589, vstest.console.dll, TestHostProvider.ExitCallBack: Host exited starting callback.
TpTrace Information: 0 : 35452, 11, 2024/03/19, 13:45:04.776, 7027336826443, vstest.console.dll, TestHostManagerCallbacks.ExitCallBack: Testhost processId: 11768 exited with exitcode: 0 error: ''
TpTrace Verbose: 0 : 35452, 11, 2024/03/19, 13:45:04.776, 7027336827082, vstest.console.dll, DotnetTestHostManager.OnHostExited: invoking OnHostExited callback
TpTrace Verbose: 0 : 35452, 11, 2024/03/19, 13:45:04.776, 7027336827773, vstest.console.dll, CrossPlatEngine.TestHostManagerHostExited: calling on client process exit callback.
TpTrace Information: 0 : 35452, 11, 2024/03/19, 13:45:04.776, 7027336828507, vstest.console.dll, TestRequestSender.OnClientProcessExit: Test host process exited. Standard error: 
TpTrace Information: 0 : 35452, 7, 2024/03/19, 13:45:04.776, 7027336829161, vstest.console.dll, SocketServer.Stop: Stop server endPoint: 127.0.0.1:56339
TpTrace Information: 0 : 35452, 7, 2024/03/19, 13:45:04.776, 7027336830209, vstest.console.dll, SocketServer.Stop: Cancellation requested. Stopping message loop.
TpTrace Information: 0 : 35452, 11, 2024/03/19, 13:45:04.776, 7027336829249, vstest.console.dll, SocketServer.Stop: Stop server endPoint: 127.0.0.1:56339
TpTrace Information: 0 : 35452, 11, 2024/03/19, 13:45:04.776, 7027336831981, vstest.console.dll, SocketServer.Stop: Cancellation requested. Stopping message loop.
TpTrace Verbose: 0 : 35452, 11, 2024/03/19, 13:45:04.777, 7027336832603, vstest.console.dll, MulticastDelegateUtilities.SafeInvoke: HostProviderEvents.OnHostExited: Invoking callback 1/1 for Microsoft.VisualStudio.TestPlatform.CrossPlatEngine.Client.ProxyOperationManager., took 0 ms.
TpTrace Information: 0 : 35452, 7, 2024/03/19, 13:45:04.776, 7027336832153, vstest.console.dll, Closing the connection
TpTrace Verbose: 0 : 35452, 7, 2024/03/19, 13:45:04.777, 7027336836988, vstest.console.dll, ProxyDataCollectionManager.InvokeDataCollectionServiceAction: Starting.
TpTrace Information: 0 : 35452, 7, 2024/03/19, 13:45:04.777, 7027336837703, vstest.console.dll, ProxyDataCollectionManager.AfterTestRunEnd: Get attachment set and invoked data collectors processId: 17224 port: 56336
TpTrace Verbose: 0 : 35452, 7, 2024/03/19, 13:45:04.777, 7027336838482, vstest.console.dll, DataCollectionRequestSender.SendAfterTestRunStartAndGetResult: Send AfterTestRunEnd message with isCancelled: False
TpTrace Verbose: 0 : 35452, 7, 2024/03/19, 13:45:04.787, 7027336938664, vstest.console.dll, DataCollectionRequestSender.SendAfterTestRunStartAndGetResult: Received message: (DataCollection.AfterTestRunEndResult) -> {"MessageType":"DataCollection.AfterTestRunEndResult","Payload":{"AttachmentSets":[],"InvokedDataCollectors":[{"Uri":"datacollector://Microsoft/TestPlatform/Extensions/Blame/v1","FriendlyName":"Blame","AssemblyQualifiedName":"Microsoft.TestPlatform.Extensions.BlameDataCollector.BlameCollector, Microsoft.TestPlatform.Extensions.BlameDataCollector, Version=15.0.0.0, Culture=neutral, PublicKeyToken=b03f5f7f11d50a3a","FilePath":"C:\\Program Files\\dotnet\\sdk\\8.0.200\\Extensions\\Microsoft.TestPlatform.Extensions.BlameDataCollector.dll","HasAttachmentProcessor":false}],"Metrics":{}}}
TpTrace Information: 0 : 35452, 7, 2024/03/19, 13:45:04.796, 7027337031827, vstest.console.dll, ProxyDataCollectionManager.InvokeDataCollectionServiceAction: Completed.
TpTrace Warning: 0 : 35452, 10, 2024/03/19, 13:45:04.799, 7027337056151, vstest.console.dll, DataCollectionLauncher.ErrorReceivedCallback datacollector standard error line: 
TpTrace Information: 0 : 35452, 10, 2024/03/19, 13:45:04.812, 7027337182745, vstest.console.dll, DataCollectionLauncher.ExitCallBack: Data collector exited with exitcode: 0 error: ''
TpTrace Verbose: 0 : 35452, 7, 2024/03/19, 13:45:04.871, 7027337777280, vstest.console.dll, TestRunRequest:SendTestRunStatsChange: Starting.
TpTrace Verbose: 0 : 35452, 7, 2024/03/19, 13:45:04.871, 7027337780752, vstest.console.dll, MulticastDelegateUtilities.SafeInvoke: TestRun.RunStatsChanged: Invoking callbacks was skipped because there are no subscribers.
TpTrace Information: 0 : 35452, 7, 2024/03/19, 13:45:04.871, 7027337781622, vstest.console.dll, TestRunRequest:SendTestRunStatsChange: Completed.
TpTrace Verbose: 0 : 35452, 7, 2024/03/19, 13:45:04.872, 7027337786553, vstest.console.dll, ParallelProxyExecutionManager: HandlePartialRunComplete: Total workloads = 1, Total started clients = 1 Total completed clients = 1, Run complete = True, Run canceled: False.
TpTrace Verbose: 0 : 35452, 7, 2024/03/19, 13:45:04.872, 7027337787307, vstest.console.dll, ParallelProxyExecutionManager: HandlePartialRunComplete: All runs completed stopping all managers.
TpTrace Verbose: 0 : 35452, 7, 2024/03/19, 13:45:04.872, 7027337787914, vstest.console.dll, ParallelOperationManager.StopAllManagers: Stopping all managers.
TpTrace Verbose: 0 : 35452, 7, 2024/03/19, 13:45:04.872, 7027337788390, vstest.console.dll, ParallelOperationManager.ClearSlots: Clearing all slots. Slots should accept more work: False
TpTrace Verbose: 0 : 35452, 7, 2024/03/19, 13:45:04.872, 7027337789111, vstest.console.dll, ParallelOperationManager.SetOccupiedSlotCount: Setting slot counts AvailableSlotCount = 3, OccupiedSlotCount = 0.
TpTrace Verbose: 0 : 35452, 7, 2024/03/19, 13:45:04.872, 7027337789890, vstest.console.dll, Occupied slots:

TpTrace Verbose: 0 : 35452, 4, 2024/03/19, 13:45:04.874, 7027337810800, vstest.console.dll, MulticastDelegateUtilities.SafeInvoke: InternalTestLoggerEvents.SendTestResult: Invoking callback 1/1 for Microsoft.VisualStudio.TestPlatform.CommandLine.Internal.ConsoleLogger., took 2 ms.
TpTrace Verbose: 0 : 35452, 4, 2024/03/19, 13:45:04.875, 7027337817943, vstest.console.dll, MulticastDelegateUtilities.SafeInvoke: InternalTestLoggerEvents.SendTestResult: Invoking callback 1/1 for Microsoft.VisualStudio.TestPlatform.CommandLine.Internal.ConsoleLogger., took 0 ms.
TpTrace Verbose: 0 : 35452, 4, 2024/03/19, 13:45:04.875, 7027337819601, vstest.console.dll, MulticastDelegateUtilities.SafeInvoke: InternalTestLoggerEvents.SendTestResult: Invoking callback 1/1 for Microsoft.VisualStudio.TestPlatform.CommandLine.Internal.ConsoleLogger., took 0 ms.
TpTrace Verbose: 0 : 35452, 4, 2024/03/19, 13:45:04.875, 7027337820764, vstest.console.dll, MulticastDelegateUtilities.SafeInvoke: InternalTestLoggerEvents.SendTestResult: Invoking callback 1/1 for Microsoft.VisualStudio.TestPlatform.CommandLine.Internal.ConsoleLogger., took 0 ms.
TpTrace Verbose: 0 : 35452, 4, 2024/03/19, 13:45:04.875, 7027337821758, vstest.console.dll, MulticastDelegateUtilities.SafeInvoke: InternalTestLoggerEvents.SendTestResult: Invoking callback 1/1 for Microsoft.VisualStudio.TestPlatform.CommandLine.Internal.ConsoleLogger., took 0 ms.
TpTrace Verbose: 0 : 35452, 4, 2024/03/19, 13:45:04.876, 7027337822719, vstest.console.dll, MulticastDelegateUtilities.SafeInvoke: InternalTestLoggerEvents.SendTestResult: Invoking callback 1/1 for Microsoft.VisualStudio.TestPlatform.CommandLine.Internal.ConsoleLogger., took 0 ms.
TpTrace Verbose: 0 : 35452, 4, 2024/03/19, 13:45:04.876, 7027337823738, vstest.console.dll, MulticastDelegateUtilities.SafeInvoke: InternalTestLoggerEvents.SendTestResult: Invoking callback 1/1 for Microsoft.VisualStudio.TestPlatform.CommandLine.Internal.ConsoleLogger., took 0 ms.
TpTrace Verbose: 0 : 35452, 4, 2024/03/19, 13:45:04.885, 7027337917515, vstest.console.dll, MulticastDelegateUtilities.SafeInvoke: InternalTestLoggerEvents.SendTestRunComplete: Invoking callback 1/2 for Microsoft.TestPlatform.Extensions.BlameDataCollector.BlameLogger., took 0 ms.
TpTrace Verbose: 0 : 35452, 4, 2024/03/19, 13:45:04.895, 7027338014777, vstest.console.dll, MulticastDelegateUtilities.SafeInvoke: InternalTestLoggerEvents.SendTestRunComplete: Invoking callback 2/2 for Microsoft.VisualStudio.TestPlatform.CommandLine.Internal.ConsoleLogger., took 9 ms.
TpTrace Verbose: 0 : 35452, 7, 2024/03/19, 13:45:04.895, 7027338020070, vstest.console.dll, TestRunRequest:TestRunComplete: Starting. IsAborted:False IsCanceled:False.
TpTrace Verbose: 0 : 35452, 7, 2024/03/19, 13:45:04.896, 7027338024087, vstest.console.dll, ParallelOperationManager.DoActionOnAllManagers: Calling an action on all managers.
TpTrace Verbose: 0 : 35452, 7, 2024/03/19, 13:45:04.897, 7027338041428, vstest.console.dll, TestLoggerManager.HandleTestRunComplete: Ignoring as the object is disposed.
TpTrace Verbose: 0 : 35452, 7, 2024/03/19, 13:45:04.898, 7027338045655, vstest.console.dll, MulticastDelegateUtilities.SafeInvoke: TestRun.TestRunComplete: Invoking callback 1/2 for Microsoft.VisualStudio.TestPlatform.CommandLine.TestRunResultAggregator., took 0 ms.
TpTrace Verbose: 0 : 35452, 7, 2024/03/19, 13:45:04.898, 7027338047878, vstest.console.dll, MulticastDelegateUtilities.SafeInvoke: TestRun.TestRunComplete: Invoking callback 2/2 for Microsoft.VisualStudio.TestPlatform.CommandLine.Processors.RunTestsArgumentExecutor+TestRunRequestEventsRegistrar., took 0 ms.
TpTrace Information: 0 : 35452, 7, 2024/03/19, 13:45:04.898, 7027338050116, vstest.console.dll, TestRunRequest:TestRunComplete: Completed.
TpTrace Verbose: 0 : 35452, 1, 2024/03/19, 13:45:04.898, 7027338050471, vstest.console.dll, TestRunRequest.Dispose: Starting.
TpTrace Verbose: 0 : 35452, 7, 2024/03/19, 13:45:04.898, 7027338050938, vstest.console.dll, TestRequestSender.SetOperationComplete: Setting operation complete.
TpTrace Information: 0 : 35452, 1, 2024/03/19, 13:45:04.899, 7027338052615, vstest.console.dll, TestRunRequest.Dispose: Completed.
TpTrace Information: 0 : 35452, 7, 2024/03/19, 13:45:04.899, 7027338053479, vstest.console.dll, SocketServer.Stop: Stop server endPoint: 127.0.0.1:56339
TpTrace Information: 0 : 35452, 1, 2024/03/19, 13:45:04.899, 7027338055245, vstest.console.dll, TestRequestManager.RunTests: run tests completed.
TpTrace Information: 0 : 35452, 7, 2024/03/19, 13:45:04.899, 7027338056216, vstest.console.dll, SocketServer.Stop: Cancellation requested. Stopping message loop.
TpTrace Information: 0 : 35452, 1, 2024/03/19, 13:45:04.899, 7027338058492, vstest.console.dll, RunTestsArgumentProcessor:Execute: Test run is completed.
TpTrace Verbose: 0 : 35452, 7, 2024/03/19, 13:45:04.899, 7027338058559, vstest.console.dll, MulticastDelegateUtilities.SafeInvoke: LengthPrefixCommunicationChannel: MessageReceived: Invoking callback 1/1 for Microsoft.VisualStudio.TestPlatform.CommunicationUtilities.TestRequestSender+<>c__DisplayClass34_0., took 159 ms.
TpTrace Information: 0 : 35452, 7, 2024/03/19, 13:45:04.899, 7027338060891, vstest.console.dll, SocketServer.PrivateStop: Stopping server endPoint: 127.0.0.1:56339 error: 
TpTrace Verbose: 0 : 35452, 1, 2024/03/19, 13:45:04.900, 7027338064608, vstest.console.dll, Executor.Execute: Exiting with exit code of 0
TpTrace Verbose: 0 : 35452, 7, 2024/03/19, 13:45:04.900, 7027338069510, vstest.console.dll, LengthPrefixCommunicationChannel.Dispose: Dispose reader and writer.
TpTrace Information: 0 : 35452, 7, 2024/03/19, 13:45:04.900, 7027338070861, vstest.console.dll, SocketServer.Stop: Raise disconnected event endPoint: 127.0.0.1:56339 error: 
TpTrace Verbose: 0 : 35452, 7, 2024/03/19, 13:45:04.900, 7027338072350, vstest.console.dll, TestRequestSender: OnTestRunAbort: Operation is already complete. Skip error message.
